2026-04-03 13:10:22,515 INFO geodata_auto_ingest.common.chirps Downloading https://data.chc.ucsb.edu/products/CHIRPS/v3.0/monthly/africa/tifs/chirps-v3.0.2020.01.tif -> /opt/geodata-auto-ingest/work/chirps-v3-africa-monthly/raw/chirps-v3.0.2020.01.tif
2026-04-03 13:10:26,313 INFO geodata_auto_ingest.common.chirps Downloaded tif already at destination, skipping copy: /opt/geodata-auto-ingest/work/chirps-v3-africa-monthly/raw/chirps-v3.0.2020.01.tif
2026-04-03 13:10:26,314 INFO geodata_auto_ingest.common.shell $ gdalwarp -overwrite -cutline /opt/geodata-auto-ingest/boundaries/lesotho_boundary_admin0.geojson -crop_to_cutline -multi -dstalpha -co TILED=YES -co COMPRESS=DEFLATE /opt/geodata-auto-ingest/work/chirps-v3-africa-monthly/raw/chirps-v3.0.2020.01.tif /opt/geodata-auto-ingest/work/chirps-v3-africa-monthly/clipped/chirps-v3.0.2020.01-LSO.tif
2026-04-03 13:10:26,538 INFO geodata_auto_ingest.common.ingest Staged file for GeoManager ingest: /home/csis/climweb/climweb/geomanager-data/chirps-monthly-lesotho/chirps-v3.0.2020.01-LSO_2020-01-01T00:00:00.000Z.tif
2026-04-03 13:27:24,332 INFO geodata_auto_ingest.common.chirps Download exists, skipping: /opt/geodata-auto-ingest/work/chirps-v3-africa-monthly/raw/chirps-v3.0.2020.01.tif
2026-04-03 13:27:24,332 INFO geodata_auto_ingest.common.chirps Downloaded tif already at destination, skipping copy: /opt/geodata-auto-ingest/work/chirps-v3-africa-monthly/raw/chirps-v3.0.2020.01.tif
2026-04-03 13:27:24,333 INFO geodata_auto_ingest.common.ingest Clipped raster exists, skipping: /opt/geodata-auto-ingest/work/chirps-v3-africa-monthly/clipped/chirps-v3.0.2020.01-LSO.tif
2026-04-03 13:27:24,333 INFO geodata_auto_ingest.common.ingest Ingest file exists, skipping copy: /home/csis/climweb/climweb/geomanager-data/chirps-monthly-lesotho/chirps-v3.0.2020.01-LSO_2020-01-01T00:00:00.000Z.tif
2026-04-03 13:27:24,446 INFO geodata_auto_ingest.common.chirps Downloading https://data.chc.ucsb.edu/products/CHIRPS/v3.0/monthly/africa/tifs/chirps-v3.0.2020.02.tif -> /opt/geodata-auto-ingest/work/chirps-v3-africa-monthly/raw/chirps-v3.0.2020.02.tif
2026-04-03 13:27:27,779 INFO geodata_auto_ingest.common.chirps Downloaded tif already at destination, skipping copy: /opt/geodata-auto-ingest/work/chirps-v3-africa-monthly/raw/chirps-v3.0.2020.02.tif
2026-04-03 13:27:27,780 INFO geodata_auto_ingest.common.shell $ gdalwarp -overwrite -cutline /opt/geodata-auto-ingest/boundaries/lesotho_boundary_admin0.geojson -crop_to_cutline -multi -dstalpha -co TILED=YES -co COMPRESS=DEFLATE /opt/geodata-auto-ingest/work/chirps-v3-africa-monthly/raw/chirps-v3.0.2020.02.tif /opt/geodata-auto-ingest/work/chirps-v3-africa-monthly/clipped/chirps-v3.0.2020.02-LSO.tif
2026-04-03 13:27:28,009 INFO geodata_auto_ingest.common.ingest Staged file for GeoManager ingest: /home/csis/climweb/climweb/geomanager-data/chirps-monthly-lesotho/chirps-v3.0.2020.02-LSO_2020-02-01T00:00:00.000Z.tif
2026-04-03 13:27:28,148 INFO geodata_auto_ingest.common.chirps Downloading https://data.chc.ucsb.edu/products/CHIRPS/v3.0/monthly/africa/tifs/chirps-v3.0.2020.03.tif -> /opt/geodata-auto-ingest/work/chirps-v3-africa-monthly/raw/chirps-v3.0.2020.03.tif
2026-04-03 13:27:31,438 INFO geodata_auto_ingest.common.chirps Downloaded tif already at destination, skipping copy: /opt/geodata-auto-ingest/work/chirps-v3-africa-monthly/raw/chirps-v3.0.2020.03.tif
2026-04-03 13:27:31,438 INFO geodata_auto_ingest.common.shell $ gdalwarp -overwrite -cutline /opt/geodata-auto-ingest/boundaries/lesotho_boundary_admin0.geojson -crop_to_cutline -multi -dstalpha -co TILED=YES -co COMPRESS=DEFLATE /opt/geodata-auto-ingest/work/chirps-v3-africa-monthly/raw/chirps-v3.0.2020.03.tif /opt/geodata-auto-ingest/work/chirps-v3-africa-monthly/clipped/chirps-v3.0.2020.03-LSO.tif
2026-04-03 13:27:31,624 INFO geodata_auto_ingest.common.ingest Staged file for GeoManager ingest: /home/csis/climweb/climweb/geomanager-data/chirps-monthly-lesotho/chirps-v3.0.2020.03-LSO_2020-03-01T00:00:00.000Z.tif
2026-04-03 13:27:31,736 INFO geodata_auto_ingest.common.chirps Downloading https://data.chc.ucsb.edu/products/CHIRPS/v3.0/monthly/africa/tifs/chirps-v3.0.2020.04.tif -> /opt/geodata-auto-ingest/work/chirps-v3-africa-monthly/raw/chirps-v3.0.2020.04.tif
2026-04-03 13:27:35,031 INFO geodata_auto_ingest.common.chirps Downloaded tif already at destination, skipping copy: /opt/geodata-auto-ingest/work/chirps-v3-africa-monthly/raw/chirps-v3.0.2020.04.tif
2026-04-03 13:27:35,032 INFO geodata_auto_ingest.common.shell $ gdalwarp -overwrite -cutline /opt/geodata-auto-ingest/boundaries/lesotho_boundary_admin0.geojson -crop_to_cutline -multi -dstalpha -co TILED=YES -co COMPRESS=DEFLATE /opt/geodata-auto-ingest/work/chirps-v3-africa-monthly/raw/chirps-v3.0.2020.04.tif /opt/geodata-auto-ingest/work/chirps-v3-africa-monthly/clipped/chirps-v3.0.2020.04-LSO.tif
2026-04-03 13:27:35,219 INFO geodata_auto_ingest.common.ingest Staged file for GeoManager ingest: /home/csis/climweb/climweb/geomanager-data/chirps-monthly-lesotho/chirps-v3.0.2020.04-LSO_2020-04-01T00:00:00.000Z.tif
2026-04-03 13:27:35,331 INFO geodata_auto_ingest.common.chirps Downloading https://data.chc.ucsb.edu/products/CHIRPS/v3.0/monthly/africa/tifs/chirps-v3.0.2020.05.tif -> /opt/geodata-auto-ingest/work/chirps-v3-africa-monthly/raw/chirps-v3.0.2020.05.tif
2026-04-03 13:27:39,036 INFO geodata_auto_ingest.common.chirps Downloaded tif already at destination, skipping copy: /opt/geodata-auto-ingest/work/chirps-v3-africa-monthly/raw/chirps-v3.0.2020.05.tif
2026-04-03 13:27:39,036 INFO geodata_auto_ingest.common.shell $ gdalwarp -overwrite -cutline /opt/geodata-auto-ingest/boundaries/lesotho_boundary_admin0.geojson -crop_to_cutline -multi -dstalpha -co TILED=YES -co COMPRESS=DEFLATE /opt/geodata-auto-ingest/work/chirps-v3-africa-monthly/raw/chirps-v3.0.2020.05.tif /opt/geodata-auto-ingest/work/chirps-v3-africa-monthly/clipped/chirps-v3.0.2020.05-LSO.tif
2026-04-03 13:27:39,225 INFO geodata_auto_ingest.common.ingest Staged file for GeoManager ingest: /home/csis/climweb/climweb/geomanager-data/chirps-monthly-lesotho/chirps-v3.0.2020.05-LSO_2020-05-01T00:00:00.000Z.tif
2026-04-03 13:27:39,342 INFO geodata_auto_ingest.common.chirps Downloading https://data.chc.ucsb.edu/products/CHIRPS/v3.0/monthly/africa/tifs/chirps-v3.0.2020.06.tif -> /opt/geodata-auto-ingest/work/chirps-v3-africa-monthly/raw/chirps-v3.0.2020.06.tif
2026-04-03 13:27:42,856 INFO geodata_auto_ingest.common.chirps Downloaded tif already at destination, skipping copy: /opt/geodata-auto-ingest/work/chirps-v3-africa-monthly/raw/chirps-v3.0.2020.06.tif
2026-04-03 13:27:42,857 INFO geodata_auto_ingest.common.shell $ gdalwarp -overwrite -cutline /opt/geodata-auto-ingest/boundaries/lesotho_boundary_admin0.geojson -crop_to_cutline -multi -dstalpha -co TILED=YES -co COMPRESS=DEFLATE /opt/geodata-auto-ingest/work/chirps-v3-africa-monthly/raw/chirps-v3.0.2020.06.tif /opt/geodata-auto-ingest/work/chirps-v3-africa-monthly/clipped/chirps-v3.0.2020.06-LSO.tif
2026-04-03 13:27:43,046 INFO geodata_auto_ingest.common.ingest Staged file for GeoManager ingest: /home/csis/climweb/climweb/geomanager-data/chirps-monthly-lesotho/chirps-v3.0.2020.06-LSO_2020-06-01T00:00:00.000Z.tif
2026-04-03 13:27:43,160 INFO geodata_auto_ingest.common.chirps Downloading https://data.chc.ucsb.edu/products/CHIRPS/v3.0/monthly/africa/tifs/chirps-v3.0.2020.07.tif -> /opt/geodata-auto-ingest/work/chirps-v3-africa-monthly/raw/chirps-v3.0.2020.07.tif
2026-04-03 13:27:46,767 INFO geodata_auto_ingest.common.chirps Downloaded tif already at destination, skipping copy: /opt/geodata-auto-ingest/work/chirps-v3-africa-monthly/raw/chirps-v3.0.2020.07.tif
2026-04-03 13:27:46,768 INFO geodata_auto_ingest.common.shell $ gdalwarp -overwrite -cutline /opt/geodata-auto-ingest/boundaries/lesotho_boundary_admin0.geojson -crop_to_cutline -multi -dstalpha -co TILED=YES -co COMPRESS=DEFLATE /opt/geodata-auto-ingest/work/chirps-v3-africa-monthly/raw/chirps-v3.0.2020.07.tif /opt/geodata-auto-ingest/work/chirps-v3-africa-monthly/clipped/chirps-v3.0.2020.07-LSO.tif
2026-04-03 13:27:46,952 INFO geodata_auto_ingest.common.ingest Staged file for GeoManager ingest: /home/csis/climweb/climweb/geomanager-data/chirps-monthly-lesotho/chirps-v3.0.2020.07-LSO_2020-07-01T00:00:00.000Z.tif
2026-04-03 13:27:47,070 INFO geodata_auto_ingest.common.chirps Downloading https://data.chc.ucsb.edu/products/CHIRPS/v3.0/monthly/africa/tifs/chirps-v3.0.2020.08.tif -> /opt/geodata-auto-ingest/work/chirps-v3-africa-monthly/raw/chirps-v3.0.2020.08.tif
2026-04-03 13:27:50,399 INFO geodata_auto_ingest.common.chirps Downloaded tif already at destination, skipping copy: /opt/geodata-auto-ingest/work/chirps-v3-africa-monthly/raw/chirps-v3.0.2020.08.tif
2026-04-03 13:27:50,399 INFO geodata_auto_ingest.common.shell $ gdalwarp -overwrite -cutline /opt/geodata-auto-ingest/boundaries/lesotho_boundary_admin0.geojson -crop_to_cutline -multi -dstalpha -co TILED=YES -co COMPRESS=DEFLATE /opt/geodata-auto-ingest/work/chirps-v3-africa-monthly/raw/chirps-v3.0.2020.08.tif /opt/geodata-auto-ingest/work/chirps-v3-africa-monthly/clipped/chirps-v3.0.2020.08-LSO.tif
2026-04-03 13:27:50,588 INFO geodata_auto_ingest.common.ingest Staged file for GeoManager ingest: /home/csis/climweb/climweb/geomanager-data/chirps-monthly-lesotho/chirps-v3.0.2020.08-LSO_2020-08-01T00:00:00.000Z.tif
2026-04-03 13:27:50,712 INFO geodata_auto_ingest.common.chirps Downloading https://data.chc.ucsb.edu/products/CHIRPS/v3.0/monthly/africa/tifs/chirps-v3.0.2020.09.tif -> /opt/geodata-auto-ingest/work/chirps-v3-africa-monthly/raw/chirps-v3.0.2020.09.tif
2026-04-03 13:27:54,321 INFO geodata_auto_ingest.common.chirps Downloaded tif already at destination, skipping copy: /opt/geodata-auto-ingest/work/chirps-v3-africa-monthly/raw/chirps-v3.0.2020.09.tif
2026-04-03 13:27:54,322 INFO geodata_auto_ingest.common.shell $ gdalwarp -overwrite -cutline /opt/geodata-auto-ingest/boundaries/lesotho_boundary_admin0.geojson -crop_to_cutline -multi -dstalpha -co TILED=YES -co COMPRESS=DEFLATE /opt/geodata-auto-ingest/work/chirps-v3-africa-monthly/raw/chirps-v3.0.2020.09.tif /opt/geodata-auto-ingest/work/chirps-v3-africa-monthly/clipped/chirps-v3.0.2020.09-LSO.tif
2026-04-03 13:27:54,508 INFO geodata_auto_ingest.common.ingest Staged file for GeoManager ingest: /home/csis/climweb/climweb/geomanager-data/chirps-monthly-lesotho/chirps-v3.0.2020.09-LSO_2020-09-01T00:00:00.000Z.tif
2026-04-03 13:27:54,617 INFO geodata_auto_ingest.common.chirps Downloading https://data.chc.ucsb.edu/products/CHIRPS/v3.0/monthly/africa/tifs/chirps-v3.0.2020.10.tif -> /opt/geodata-auto-ingest/work/chirps-v3-africa-monthly/raw/chirps-v3.0.2020.10.tif
2026-04-03 13:27:57,913 INFO geodata_auto_ingest.common.chirps Downloaded tif already at destination, skipping copy: /opt/geodata-auto-ingest/work/chirps-v3-africa-monthly/raw/chirps-v3.0.2020.10.tif
2026-04-03 13:27:57,913 INFO geodata_auto_ingest.common.shell $ gdalwarp -overwrite -cutline /opt/geodata-auto-ingest/boundaries/lesotho_boundary_admin0.geojson -crop_to_cutline -multi -dstalpha -co TILED=YES -co COMPRESS=DEFLATE /opt/geodata-auto-ingest/work/chirps-v3-africa-monthly/raw/chirps-v3.0.2020.10.tif /opt/geodata-auto-ingest/work/chirps-v3-africa-monthly/clipped/chirps-v3.0.2020.10-LSO.tif
2026-04-03 13:27:58,100 INFO geodata_auto_ingest.common.ingest Staged file for GeoManager ingest: /home/csis/climweb/climweb/geomanager-data/chirps-monthly-lesotho/chirps-v3.0.2020.10-LSO_2020-10-01T00:00:00.000Z.tif
2026-04-03 13:27:58,223 INFO geodata_auto_ingest.common.chirps Downloading https://data.chc.ucsb.edu/products/CHIRPS/v3.0/monthly/africa/tifs/chirps-v3.0.2020.11.tif -> /opt/geodata-auto-ingest/work/chirps-v3-africa-monthly/raw/chirps-v3.0.2020.11.tif
2026-04-03 13:28:01,534 INFO geodata_auto_ingest.common.chirps Downloaded tif already at destination, skipping copy: /opt/geodata-auto-ingest/work/chirps-v3-africa-monthly/raw/chirps-v3.0.2020.11.tif
2026-04-03 13:28:01,535 INFO geodata_auto_ingest.common.shell $ gdalwarp -overwrite -cutline /opt/geodata-auto-ingest/boundaries/lesotho_boundary_admin0.geojson -crop_to_cutline -multi -dstalpha -co TILED=YES -co COMPRESS=DEFLATE /opt/geodata-auto-ingest/work/chirps-v3-africa-monthly/raw/chirps-v3.0.2020.11.tif /opt/geodata-auto-ingest/work/chirps-v3-africa-monthly/clipped/chirps-v3.0.2020.11-LSO.tif
2026-04-03 13:28:01,739 INFO geodata_auto_ingest.common.ingest Staged file for GeoManager ingest: /home/csis/climweb/climweb/geomanager-data/chirps-monthly-lesotho/chirps-v3.0.2020.11-LSO_2020-11-01T00:00:00.000Z.tif
2026-04-03 13:28:01,864 INFO geodata_auto_ingest.common.chirps Downloading https://data.chc.ucsb.edu/products/CHIRPS/v3.0/monthly/africa/tifs/chirps-v3.0.2020.12.tif -> /opt/geodata-auto-ingest/work/chirps-v3-africa-monthly/raw/chirps-v3.0.2020.12.tif
2026-04-03 13:28:05,134 INFO geodata_auto_ingest.common.chirps Downloaded tif already at destination, skipping copy: /opt/geodata-auto-ingest/work/chirps-v3-africa-monthly/raw/chirps-v3.0.2020.12.tif
2026-04-03 13:28:05,135 INFO geodata_auto_ingest.common.shell $ gdalwarp -overwrite -cutline /opt/geodata-auto-ingest/boundaries/lesotho_boundary_admin0.geojson -crop_to_cutline -multi -dstalpha -co TILED=YES -co COMPRESS=DEFLATE /opt/geodata-auto-ingest/work/chirps-v3-africa-monthly/raw/chirps-v3.0.2020.12.tif /opt/geodata-auto-ingest/work/chirps-v3-africa-monthly/clipped/chirps-v3.0.2020.12-LSO.tif
2026-04-03 13:28:05,335 INFO geodata_auto_ingest.common.ingest Staged file for GeoManager ingest: /home/csis/climweb/climweb/geomanager-data/chirps-monthly-lesotho/chirps-v3.0.2020.12-LSO_2020-12-01T00:00:00.000Z.tif
2026-04-03 13:28:05,453 INFO geodata_auto_ingest.common.chirps Downloading https://data.chc.ucsb.edu/products/CHIRPS/v3.0/monthly/africa/tifs/chirps-v3.0.2021.01.tif -> /opt/geodata-auto-ingest/work/chirps-v3-africa-monthly/raw/chirps-v3.0.2021.01.tif
2026-04-03 13:28:08,736 INFO geodata_auto_ingest.common.chirps Downloaded tif already at destination, skipping copy: /opt/geodata-auto-ingest/work/chirps-v3-africa-monthly/raw/chirps-v3.0.2021.01.tif
2026-04-03 13:28:08,737 INFO geodata_auto_ingest.common.shell $ gdalwarp -overwrite -cutline /opt/geodata-auto-ingest/boundaries/lesotho_boundary_admin0.geojson -crop_to_cutline -multi -dstalpha -co TILED=YES -co COMPRESS=DEFLATE /opt/geodata-auto-ingest/work/chirps-v3-africa-monthly/raw/chirps-v3.0.2021.01.tif /opt/geodata-auto-ingest/work/chirps-v3-africa-monthly/clipped/chirps-v3.0.2021.01-LSO.tif
2026-04-03 13:28:08,928 INFO geodata_auto_ingest.common.ingest Staged file for GeoManager ingest: /home/csis/climweb/climweb/geomanager-data/chirps-monthly-lesotho/chirps-v3.0.2021.01-LSO_2021-01-01T00:00:00.000Z.tif
2026-04-03 13:28:09,038 INFO geodata_auto_ingest.common.chirps Downloading https://data.chc.ucsb.edu/products/CHIRPS/v3.0/monthly/africa/tifs/chirps-v3.0.2021.02.tif -> /opt/geodata-auto-ingest/work/chirps-v3-africa-monthly/raw/chirps-v3.0.2021.02.tif
2026-04-03 13:28:12,611 INFO geodata_auto_ingest.common.chirps Downloaded tif already at destination, skipping copy: /opt/geodata-auto-ingest/work/chirps-v3-africa-monthly/raw/chirps-v3.0.2021.02.tif
2026-04-03 13:28:12,611 INFO geodata_auto_ingest.common.shell $ gdalwarp -overwrite -cutline /opt/geodata-auto-ingest/boundaries/lesotho_boundary_admin0.geojson -crop_to_cutline -multi -dstalpha -co TILED=YES -co COMPRESS=DEFLATE /opt/geodata-auto-ingest/work/chirps-v3-africa-monthly/raw/chirps-v3.0.2021.02.tif /opt/geodata-auto-ingest/work/chirps-v3-africa-monthly/clipped/chirps-v3.0.2021.02-LSO.tif
2026-04-03 13:28:12,802 INFO geodata_auto_ingest.common.ingest Staged file for GeoManager ingest: /home/csis/climweb/climweb/geomanager-data/chirps-monthly-lesotho/chirps-v3.0.2021.02-LSO_2021-02-01T00:00:00.000Z.tif
2026-04-03 13:28:12,910 INFO geodata_auto_ingest.common.chirps Downloading https://data.chc.ucsb.edu/products/CHIRPS/v3.0/monthly/africa/tifs/chirps-v3.0.2021.03.tif -> /opt/geodata-auto-ingest/work/chirps-v3-africa-monthly/raw/chirps-v3.0.2021.03.tif
2026-04-03 13:28:16,329 INFO geodata_auto_ingest.common.chirps Downloaded tif already at destination, skipping copy: /opt/geodata-auto-ingest/work/chirps-v3-africa-monthly/raw/chirps-v3.0.2021.03.tif
2026-04-03 13:28:16,330 INFO geodata_auto_ingest.common.shell $ gdalwarp -overwrite -cutline /opt/geodata-auto-ingest/boundaries/lesotho_boundary_admin0.geojson -crop_to_cutline -multi -dstalpha -co TILED=YES -co COMPRESS=DEFLATE /opt/geodata-auto-ingest/work/chirps-v3-africa-monthly/raw/chirps-v3.0.2021.03.tif /opt/geodata-auto-ingest/work/chirps-v3-africa-monthly/clipped/chirps-v3.0.2021.03-LSO.tif
2026-04-03 13:28:16,522 INFO geodata_auto_ingest.common.ingest Staged file for GeoManager ingest: /home/csis/climweb/climweb/geomanager-data/chirps-monthly-lesotho/chirps-v3.0.2021.03-LSO_2021-03-01T00:00:00.000Z.tif
2026-04-03 13:28:16,641 INFO geodata_auto_ingest.common.chirps Downloading https://data.chc.ucsb.edu/products/CHIRPS/v3.0/monthly/africa/tifs/chirps-v3.0.2021.04.tif -> /opt/geodata-auto-ingest/work/chirps-v3-africa-monthly/raw/chirps-v3.0.2021.04.tif
2026-04-03 13:28:19,958 INFO geodata_auto_ingest.common.chirps Downloaded tif already at destination, skipping copy: /opt/geodata-auto-ingest/work/chirps-v3-africa-monthly/raw/chirps-v3.0.2021.04.tif
2026-04-03 13:28:19,958 INFO geodata_auto_ingest.common.shell $ gdalwarp -overwrite -cutline /opt/geodata-auto-ingest/boundaries/lesotho_boundary_admin0.geojson -crop_to_cutline -multi -dstalpha -co TILED=YES -co COMPRESS=DEFLATE /opt/geodata-auto-ingest/work/chirps-v3-africa-monthly/raw/chirps-v3.0.2021.04.tif /opt/geodata-auto-ingest/work/chirps-v3-africa-monthly/clipped/chirps-v3.0.2021.04-LSO.tif
2026-04-03 13:28:20,148 INFO geodata_auto_ingest.common.ingest Staged file for GeoManager ingest: /home/csis/climweb/climweb/geomanager-data/chirps-monthly-lesotho/chirps-v3.0.2021.04-LSO_2021-04-01T00:00:00.000Z.tif
2026-04-03 13:28:20,272 INFO geodata_auto_ingest.common.chirps Downloading https://data.chc.ucsb.edu/products/CHIRPS/v3.0/monthly/africa/tifs/chirps-v3.0.2021.05.tif -> /opt/geodata-auto-ingest/work/chirps-v3-africa-monthly/raw/chirps-v3.0.2021.05.tif
2026-04-03 13:28:23,563 INFO geodata_auto_ingest.common.chirps Downloaded tif already at destination, skipping copy: /opt/geodata-auto-ingest/work/chirps-v3-africa-monthly/raw/chirps-v3.0.2021.05.tif
2026-04-03 13:28:23,564 INFO geodata_auto_ingest.common.shell $ gdalwarp -overwrite -cutline /opt/geodata-auto-ingest/boundaries/lesotho_boundary_admin0.geojson -crop_to_cutline -multi -dstalpha -co TILED=YES -co COMPRESS=DEFLATE /opt/geodata-auto-ingest/work/chirps-v3-africa-monthly/raw/chirps-v3.0.2021.05.tif /opt/geodata-auto-ingest/work/chirps-v3-africa-monthly/clipped/chirps-v3.0.2021.05-LSO.tif
2026-04-03 13:28:23,753 INFO geodata_auto_ingest.common.ingest Staged file for GeoManager ingest: /home/csis/climweb/climweb/geomanager-data/chirps-monthly-lesotho/chirps-v3.0.2021.05-LSO_2021-05-01T00:00:00.000Z.tif
2026-04-03 13:28:23,877 INFO geodata_auto_ingest.common.chirps Downloading https://data.chc.ucsb.edu/products/CHIRPS/v3.0/monthly/africa/tifs/chirps-v3.0.2021.06.tif -> /opt/geodata-auto-ingest/work/chirps-v3-africa-monthly/raw/chirps-v3.0.2021.06.tif
2026-04-03 13:28:27,186 INFO geodata_auto_ingest.common.chirps Downloaded tif already at destination, skipping copy: /opt/geodata-auto-ingest/work/chirps-v3-africa-monthly/raw/chirps-v3.0.2021.06.tif
2026-04-03 13:28:27,186 INFO geodata_auto_ingest.common.shell $ gdalwarp -overwrite -cutline /opt/geodata-auto-ingest/boundaries/lesotho_boundary_admin0.geojson -crop_to_cutline -multi -dstalpha -co TILED=YES -co COMPRESS=DEFLATE /opt/geodata-auto-ingest/work/chirps-v3-africa-monthly/raw/chirps-v3.0.2021.06.tif /opt/geodata-auto-ingest/work/chirps-v3-africa-monthly/clipped/chirps-v3.0.2021.06-LSO.tif
2026-04-03 13:28:27,376 INFO geodata_auto_ingest.common.ingest Staged file for GeoManager ingest: /home/csis/climweb/climweb/geomanager-data/chirps-monthly-lesotho/chirps-v3.0.2021.06-LSO_2021-06-01T00:00:00.000Z.tif
2026-04-03 13:28:27,495 INFO geodata_auto_ingest.common.chirps Downloading https://data.chc.ucsb.edu/products/CHIRPS/v3.0/monthly/africa/tifs/chirps-v3.0.2021.07.tif -> /opt/geodata-auto-ingest/work/chirps-v3-africa-monthly/raw/chirps-v3.0.2021.07.tif
2026-04-03 13:28:30,794 INFO geodata_auto_ingest.common.chirps Downloaded tif already at destination, skipping copy: /opt/geodata-auto-ingest/work/chirps-v3-africa-monthly/raw/chirps-v3.0.2021.07.tif
2026-04-03 13:28:30,795 INFO geodata_auto_ingest.common.shell $ gdalwarp -overwrite -cutline /opt/geodata-auto-ingest/boundaries/lesotho_boundary_admin0.geojson -crop_to_cutline -multi -dstalpha -co TILED=YES -co COMPRESS=DEFLATE /opt/geodata-auto-ingest/work/chirps-v3-africa-monthly/raw/chirps-v3.0.2021.07.tif /opt/geodata-auto-ingest/work/chirps-v3-africa-monthly/clipped/chirps-v3.0.2021.07-LSO.tif
2026-04-03 13:28:30,988 INFO geodata_auto_ingest.common.ingest Staged file for GeoManager ingest: /home/csis/climweb/climweb/geomanager-data/chirps-monthly-lesotho/chirps-v3.0.2021.07-LSO_2021-07-01T00:00:00.000Z.tif
2026-04-03 13:28:31,100 INFO geodata_auto_ingest.common.chirps Downloading https://data.chc.ucsb.edu/products/CHIRPS/v3.0/monthly/africa/tifs/chirps-v3.0.2021.08.tif -> /opt/geodata-auto-ingest/work/chirps-v3-africa-monthly/raw/chirps-v3.0.2021.08.tif
2026-04-03 13:28:35,864 INFO geodata_auto_ingest.common.chirps Downloaded tif already at destination, skipping copy: /opt/geodata-auto-ingest/work/chirps-v3-africa-monthly/raw/chirps-v3.0.2021.08.tif
2026-04-03 13:28:35,865 INFO geodata_auto_ingest.common.shell $ gdalwarp -overwrite -cutline /opt/geodata-auto-ingest/boundaries/lesotho_boundary_admin0.geojson -crop_to_cutline -multi -dstalpha -co TILED=YES -co COMPRESS=DEFLATE /opt/geodata-auto-ingest/work/chirps-v3-africa-monthly/raw/chirps-v3.0.2021.08.tif /opt/geodata-auto-ingest/work/chirps-v3-africa-monthly/clipped/chirps-v3.0.2021.08-LSO.tif
2026-04-03 13:28:36,057 INFO geodata_auto_ingest.common.ingest Staged file for GeoManager ingest: /home/csis/climweb/climweb/geomanager-data/chirps-monthly-lesotho/chirps-v3.0.2021.08-LSO_2021-08-01T00:00:00.000Z.tif
2026-04-03 13:28:36,178 INFO geodata_auto_ingest.common.chirps Downloading https://data.chc.ucsb.edu/products/CHIRPS/v3.0/monthly/africa/tifs/chirps-v3.0.2021.09.tif -> /opt/geodata-auto-ingest/work/chirps-v3-africa-monthly/raw/chirps-v3.0.2021.09.tif
2026-04-03 13:28:39,453 INFO geodata_auto_ingest.common.chirps Downloaded tif already at destination, skipping copy: /opt/geodata-auto-ingest/work/chirps-v3-africa-monthly/raw/chirps-v3.0.2021.09.tif
2026-04-03 13:28:39,454 INFO geodata_auto_ingest.common.shell $ gdalwarp -overwrite -cutline /opt/geodata-auto-ingest/boundaries/lesotho_boundary_admin0.geojson -crop_to_cutline -multi -dstalpha -co TILED=YES -co COMPRESS=DEFLATE /opt/geodata-auto-ingest/work/chirps-v3-africa-monthly/raw/chirps-v3.0.2021.09.tif /opt/geodata-auto-ingest/work/chirps-v3-africa-monthly/clipped/chirps-v3.0.2021.09-LSO.tif
2026-04-03 13:28:39,646 INFO geodata_auto_ingest.common.ingest Staged file for GeoManager ingest: /home/csis/climweb/climweb/geomanager-data/chirps-monthly-lesotho/chirps-v3.0.2021.09-LSO_2021-09-01T00:00:00.000Z.tif
2026-04-03 13:28:39,770 INFO geodata_auto_ingest.common.chirps Downloading https://data.chc.ucsb.edu/products/CHIRPS/v3.0/monthly/africa/tifs/chirps-v3.0.2021.10.tif -> /opt/geodata-auto-ingest/work/chirps-v3-africa-monthly/raw/chirps-v3.0.2021.10.tif
2026-04-03 13:28:43,081 INFO geodata_auto_ingest.common.chirps Downloaded tif already at destination, skipping copy: /opt/geodata-auto-ingest/work/chirps-v3-africa-monthly/raw/chirps-v3.0.2021.10.tif
2026-04-03 13:28:43,082 INFO geodata_auto_ingest.common.shell $ gdalwarp -overwrite -cutline /opt/geodata-auto-ingest/boundaries/lesotho_boundary_admin0.geojson -crop_to_cutline -multi -dstalpha -co TILED=YES -co COMPRESS=DEFLATE /opt/geodata-auto-ingest/work/chirps-v3-africa-monthly/raw/chirps-v3.0.2021.10.tif /opt/geodata-auto-ingest/work/chirps-v3-africa-monthly/clipped/chirps-v3.0.2021.10-LSO.tif
2026-04-03 13:28:43,270 INFO geodata_auto_ingest.common.ingest Staged file for GeoManager ingest: /home/csis/climweb/climweb/geomanager-data/chirps-monthly-lesotho/chirps-v3.0.2021.10-LSO_2021-10-01T00:00:00.000Z.tif
2026-04-03 13:28:43,392 INFO geodata_auto_ingest.common.chirps Downloading https://data.chc.ucsb.edu/products/CHIRPS/v3.0/monthly/africa/tifs/chirps-v3.0.2021.11.tif -> /opt/geodata-auto-ingest/work/chirps-v3-africa-monthly/raw/chirps-v3.0.2021.11.tif
2026-04-03 13:28:46,805 INFO geodata_auto_ingest.common.chirps Downloaded tif already at destination, skipping copy: /opt/geodata-auto-ingest/work/chirps-v3-africa-monthly/raw/chirps-v3.0.2021.11.tif
2026-04-03 13:28:46,805 INFO geodata_auto_ingest.common.shell $ gdalwarp -overwrite -cutline /opt/geodata-auto-ingest/boundaries/lesotho_boundary_admin0.geojson -crop_to_cutline -multi -dstalpha -co TILED=YES -co COMPRESS=DEFLATE /opt/geodata-auto-ingest/work/chirps-v3-africa-monthly/raw/chirps-v3.0.2021.11.tif /opt/geodata-auto-ingest/work/chirps-v3-africa-monthly/clipped/chirps-v3.0.2021.11-LSO.tif
2026-04-03 13:28:47,000 INFO geodata_auto_ingest.common.ingest Staged file for GeoManager ingest: /home/csis/climweb/climweb/geomanager-data/chirps-monthly-lesotho/chirps-v3.0.2021.11-LSO_2021-11-01T00:00:00.000Z.tif
2026-04-03 13:28:47,119 INFO geodata_auto_ingest.common.chirps Downloading https://data.chc.ucsb.edu/products/CHIRPS/v3.0/monthly/africa/tifs/chirps-v3.0.2021.12.tif -> /opt/geodata-auto-ingest/work/chirps-v3-africa-monthly/raw/chirps-v3.0.2021.12.tif
2026-04-03 13:28:50,396 INFO geodata_auto_ingest.common.chirps Downloaded tif already at destination, skipping copy: /opt/geodata-auto-ingest/work/chirps-v3-africa-monthly/raw/chirps-v3.0.2021.12.tif
2026-04-03 13:28:50,397 INFO geodata_auto_ingest.common.shell $ gdalwarp -overwrite -cutline /opt/geodata-auto-ingest/boundaries/lesotho_boundary_admin0.geojson -crop_to_cutline -multi -dstalpha -co TILED=YES -co COMPRESS=DEFLATE /opt/geodata-auto-ingest/work/chirps-v3-africa-monthly/raw/chirps-v3.0.2021.12.tif /opt/geodata-auto-ingest/work/chirps-v3-africa-monthly/clipped/chirps-v3.0.2021.12-LSO.tif
2026-04-03 13:28:50,581 INFO geodata_auto_ingest.common.ingest Staged file for GeoManager ingest: /home/csis/climweb/climweb/geomanager-data/chirps-monthly-lesotho/chirps-v3.0.2021.12-LSO_2021-12-01T00:00:00.000Z.tif
2026-04-03 13:28:50,709 INFO geodata_auto_ingest.common.chirps Downloading https://data.chc.ucsb.edu/products/CHIRPS/v3.0/monthly/africa/tifs/chirps-v3.0.2022.01.tif -> /opt/geodata-auto-ingest/work/chirps-v3-africa-monthly/raw/chirps-v3.0.2022.01.tif
2026-04-03 13:28:54,106 INFO geodata_auto_ingest.common.chirps Downloaded tif already at destination, skipping copy: /opt/geodata-auto-ingest/work/chirps-v3-africa-monthly/raw/chirps-v3.0.2022.01.tif
2026-04-03 13:28:54,107 INFO geodata_auto_ingest.common.shell $ gdalwarp -overwrite -cutline /opt/geodata-auto-ingest/boundaries/lesotho_boundary_admin0.geojson -crop_to_cutline -multi -dstalpha -co TILED=YES -co COMPRESS=DEFLATE /opt/geodata-auto-ingest/work/chirps-v3-africa-monthly/raw/chirps-v3.0.2022.01.tif /opt/geodata-auto-ingest/work/chirps-v3-africa-monthly/clipped/chirps-v3.0.2022.01-LSO.tif
2026-04-03 13:28:54,301 INFO geodata_auto_ingest.common.ingest Staged file for GeoManager ingest: /home/csis/climweb/climweb/geomanager-data/chirps-monthly-lesotho/chirps-v3.0.2022.01-LSO_2022-01-01T00:00:00.000Z.tif
2026-04-03 13:28:54,422 INFO geodata_auto_ingest.common.chirps Downloading https://data.chc.ucsb.edu/products/CHIRPS/v3.0/monthly/africa/tifs/chirps-v3.0.2022.02.tif -> /opt/geodata-auto-ingest/work/chirps-v3-africa-monthly/raw/chirps-v3.0.2022.02.tif
2026-04-03 13:28:57,722 INFO geodata_auto_ingest.common.chirps Downloaded tif already at destination, skipping copy: /opt/geodata-auto-ingest/work/chirps-v3-africa-monthly/raw/chirps-v3.0.2022.02.tif
2026-04-03 13:28:57,724 INFO geodata_auto_ingest.common.shell $ gdalwarp -overwrite -cutline /opt/geodata-auto-ingest/boundaries/lesotho_boundary_admin0.geojson -crop_to_cutline -multi -dstalpha -co TILED=YES -co COMPRESS=DEFLATE /opt/geodata-auto-ingest/work/chirps-v3-africa-monthly/raw/chirps-v3.0.2022.02.tif /opt/geodata-auto-ingest/work/chirps-v3-africa-monthly/clipped/chirps-v3.0.2022.02-LSO.tif
2026-04-03 13:28:57,918 INFO geodata_auto_ingest.common.ingest Staged file for GeoManager ingest: /home/csis/climweb/climweb/geomanager-data/chirps-monthly-lesotho/chirps-v3.0.2022.02-LSO_2022-02-01T00:00:00.000Z.tif
2026-04-03 13:28:58,041 INFO geodata_auto_ingest.common.chirps Downloading https://data.chc.ucsb.edu/products/CHIRPS/v3.0/monthly/africa/tifs/chirps-v3.0.2022.03.tif -> /opt/geodata-auto-ingest/work/chirps-v3-africa-monthly/raw/chirps-v3.0.2022.03.tif
2026-04-03 13:29:01,326 INFO geodata_auto_ingest.common.chirps Downloaded tif already at destination, skipping copy: /opt/geodata-auto-ingest/work/chirps-v3-africa-monthly/raw/chirps-v3.0.2022.03.tif
2026-04-03 13:29:01,326 INFO geodata_auto_ingest.common.shell $ gdalwarp -overwrite -cutline /opt/geodata-auto-ingest/boundaries/lesotho_boundary_admin0.geojson -crop_to_cutline -multi -dstalpha -co TILED=YES -co COMPRESS=DEFLATE /opt/geodata-auto-ingest/work/chirps-v3-africa-monthly/raw/chirps-v3.0.2022.03.tif /opt/geodata-auto-ingest/work/chirps-v3-africa-monthly/clipped/chirps-v3.0.2022.03-LSO.tif
2026-04-03 13:29:01,517 INFO geodata_auto_ingest.common.ingest Staged file for GeoManager ingest: /home/csis/climweb/climweb/geomanager-data/chirps-monthly-lesotho/chirps-v3.0.2022.03-LSO_2022-03-01T00:00:00.000Z.tif
2026-04-03 13:29:01,662 INFO geodata_auto_ingest.common.chirps Downloading https://data.chc.ucsb.edu/products/CHIRPS/v3.0/monthly/africa/tifs/chirps-v3.0.2022.04.tif -> /opt/geodata-auto-ingest/work/chirps-v3-africa-monthly/raw/chirps-v3.0.2022.04.tif
2026-04-03 13:29:04,954 INFO geodata_auto_ingest.common.chirps Downloaded tif already at destination, skipping copy: /opt/geodata-auto-ingest/work/chirps-v3-africa-monthly/raw/chirps-v3.0.2022.04.tif
2026-04-03 13:29:04,955 INFO geodata_auto_ingest.common.shell $ gdalwarp -overwrite -cutline /opt/geodata-auto-ingest/boundaries/lesotho_boundary_admin0.geojson -crop_to_cutline -multi -dstalpha -co TILED=YES -co COMPRESS=DEFLATE /opt/geodata-auto-ingest/work/chirps-v3-africa-monthly/raw/chirps-v3.0.2022.04.tif /opt/geodata-auto-ingest/work/chirps-v3-africa-monthly/clipped/chirps-v3.0.2022.04-LSO.tif
2026-04-03 13:29:05,145 INFO geodata_auto_ingest.common.ingest Staged file for GeoManager ingest: /home/csis/climweb/climweb/geomanager-data/chirps-monthly-lesotho/chirps-v3.0.2022.04-LSO_2022-04-01T00:00:00.000Z.tif
2026-04-03 13:29:05,268 INFO geodata_auto_ingest.common.chirps Downloading https://data.chc.ucsb.edu/products/CHIRPS/v3.0/monthly/africa/tifs/chirps-v3.0.2022.05.tif -> /opt/geodata-auto-ingest/work/chirps-v3-africa-monthly/raw/chirps-v3.0.2022.05.tif
2026-04-03 13:29:08,591 INFO geodata_auto_ingest.common.chirps Downloaded tif already at destination, skipping copy: /opt/geodata-auto-ingest/work/chirps-v3-africa-monthly/raw/chirps-v3.0.2022.05.tif
2026-04-03 13:29:08,591 INFO geodata_auto_ingest.common.shell $ gdalwarp -overwrite -cutline /opt/geodata-auto-ingest/boundaries/lesotho_boundary_admin0.geojson -crop_to_cutline -multi -dstalpha -co TILED=YES -co COMPRESS=DEFLATE /opt/geodata-auto-ingest/work/chirps-v3-africa-monthly/raw/chirps-v3.0.2022.05.tif /opt/geodata-auto-ingest/work/chirps-v3-africa-monthly/clipped/chirps-v3.0.2022.05-LSO.tif
2026-04-03 13:29:08,787 INFO geodata_auto_ingest.common.ingest Staged file for GeoManager ingest: /home/csis/climweb/climweb/geomanager-data/chirps-monthly-lesotho/chirps-v3.0.2022.05-LSO_2022-05-01T00:00:00.000Z.tif
2026-04-03 13:29:08,912 INFO geodata_auto_ingest.common.chirps Downloading https://data.chc.ucsb.edu/products/CHIRPS/v3.0/monthly/africa/tifs/chirps-v3.0.2022.06.tif -> /opt/geodata-auto-ingest/work/chirps-v3-africa-monthly/raw/chirps-v3.0.2022.06.tif
2026-04-03 13:29:12,230 INFO geodata_auto_ingest.common.chirps Downloaded tif already at destination, skipping copy: /opt/geodata-auto-ingest/work/chirps-v3-africa-monthly/raw/chirps-v3.0.2022.06.tif
2026-04-03 13:29:12,233 INFO geodata_auto_ingest.common.shell $ gdalwarp -overwrite -cutline /opt/geodata-auto-ingest/boundaries/lesotho_boundary_admin0.geojson -crop_to_cutline -multi -dstalpha -co TILED=YES -co COMPRESS=DEFLATE /opt/geodata-auto-ingest/work/chirps-v3-africa-monthly/raw/chirps-v3.0.2022.06.tif /opt/geodata-auto-ingest/work/chirps-v3-africa-monthly/clipped/chirps-v3.0.2022.06-LSO.tif
2026-04-03 13:29:12,424 INFO geodata_auto_ingest.common.ingest Staged file for GeoManager ingest: /home/csis/climweb/climweb/geomanager-data/chirps-monthly-lesotho/chirps-v3.0.2022.06-LSO_2022-06-01T00:00:00.000Z.tif
2026-04-03 13:29:12,549 INFO geodata_auto_ingest.common.chirps Downloading https://data.chc.ucsb.edu/products/CHIRPS/v3.0/monthly/africa/tifs/chirps-v3.0.2022.07.tif -> /opt/geodata-auto-ingest/work/chirps-v3-africa-monthly/raw/chirps-v3.0.2022.07.tif
2026-04-03 13:29:15,857 INFO geodata_auto_ingest.common.chirps Downloaded tif already at destination, skipping copy: /opt/geodata-auto-ingest/work/chirps-v3-africa-monthly/raw/chirps-v3.0.2022.07.tif
2026-04-03 13:29:15,858 INFO geodata_auto_ingest.common.shell $ gdalwarp -overwrite -cutline /opt/geodata-auto-ingest/boundaries/lesotho_boundary_admin0.geojson -crop_to_cutline -multi -dstalpha -co TILED=YES -co COMPRESS=DEFLATE /opt/geodata-auto-ingest/work/chirps-v3-africa-monthly/raw/chirps-v3.0.2022.07.tif /opt/geodata-auto-ingest/work/chirps-v3-africa-monthly/clipped/chirps-v3.0.2022.07-LSO.tif
2026-04-03 13:29:16,048 INFO geodata_auto_ingest.common.ingest Staged file for GeoManager ingest: /home/csis/climweb/climweb/geomanager-data/chirps-monthly-lesotho/chirps-v3.0.2022.07-LSO_2022-07-01T00:00:00.000Z.tif
2026-04-03 13:29:16,189 INFO geodata_auto_ingest.common.chirps Downloading https://data.chc.ucsb.edu/products/CHIRPS/v3.0/monthly/africa/tifs/chirps-v3.0.2022.08.tif -> /opt/geodata-auto-ingest/work/chirps-v3-africa-monthly/raw/chirps-v3.0.2022.08.tif
2026-04-03 13:29:19,719 INFO geodata_auto_ingest.common.chirps Downloaded tif already at destination, skipping copy: /opt/geodata-auto-ingest/work/chirps-v3-africa-monthly/raw/chirps-v3.0.2022.08.tif
2026-04-03 13:29:19,720 INFO geodata_auto_ingest.common.shell $ gdalwarp -overwrite -cutline /opt/geodata-auto-ingest/boundaries/lesotho_boundary_admin0.geojson -crop_to_cutline -multi -dstalpha -co TILED=YES -co COMPRESS=DEFLATE /opt/geodata-auto-ingest/work/chirps-v3-africa-monthly/raw/chirps-v3.0.2022.08.tif /opt/geodata-auto-ingest/work/chirps-v3-africa-monthly/clipped/chirps-v3.0.2022.08-LSO.tif
2026-04-03 13:29:19,960 INFO geodata_auto_ingest.common.ingest Staged file for GeoManager ingest: /home/csis/climweb/climweb/geomanager-data/chirps-monthly-lesotho/chirps-v3.0.2022.08-LSO_2022-08-01T00:00:00.000Z.tif
2026-04-03 13:29:20,084 INFO geodata_auto_ingest.common.chirps Downloading https://data.chc.ucsb.edu/products/CHIRPS/v3.0/monthly/africa/tifs/chirps-v3.0.2022.09.tif -> /opt/geodata-auto-ingest/work/chirps-v3-africa-monthly/raw/chirps-v3.0.2022.09.tif
2026-04-03 13:29:23,403 INFO geodata_auto_ingest.common.chirps Downloaded tif already at destination, skipping copy: /opt/geodata-auto-ingest/work/chirps-v3-africa-monthly/raw/chirps-v3.0.2022.09.tif
2026-04-03 13:29:23,404 INFO geodata_auto_ingest.common.shell $ gdalwarp -overwrite -cutline /opt/geodata-auto-ingest/boundaries/lesotho_boundary_admin0.geojson -crop_to_cutline -multi -dstalpha -co TILED=YES -co COMPRESS=DEFLATE /opt/geodata-auto-ingest/work/chirps-v3-africa-monthly/raw/chirps-v3.0.2022.09.tif /opt/geodata-auto-ingest/work/chirps-v3-africa-monthly/clipped/chirps-v3.0.2022.09-LSO.tif
2026-04-03 13:29:23,612 INFO geodata_auto_ingest.common.ingest Staged file for GeoManager ingest: /home/csis/climweb/climweb/geomanager-data/chirps-monthly-lesotho/chirps-v3.0.2022.09-LSO_2022-09-01T00:00:00.000Z.tif
2026-04-03 13:29:23,724 INFO geodata_auto_ingest.common.chirps Downloading https://data.chc.ucsb.edu/products/CHIRPS/v3.0/monthly/africa/tifs/chirps-v3.0.2022.10.tif -> /opt/geodata-auto-ingest/work/chirps-v3-africa-monthly/raw/chirps-v3.0.2022.10.tif
2026-04-03 13:29:26,997 INFO geodata_auto_ingest.common.chirps Downloaded tif already at destination, skipping copy: /opt/geodata-auto-ingest/work/chirps-v3-africa-monthly/raw/chirps-v3.0.2022.10.tif
2026-04-03 13:29:26,998 INFO geodata_auto_ingest.common.shell $ gdalwarp -overwrite -cutline /opt/geodata-auto-ingest/boundaries/lesotho_boundary_admin0.geojson -crop_to_cutline -multi -dstalpha -co TILED=YES -co COMPRESS=DEFLATE /opt/geodata-auto-ingest/work/chirps-v3-africa-monthly/raw/chirps-v3.0.2022.10.tif /opt/geodata-auto-ingest/work/chirps-v3-africa-monthly/clipped/chirps-v3.0.2022.10-LSO.tif
2026-04-03 13:29:27,188 INFO geodata_auto_ingest.common.ingest Staged file for GeoManager ingest: /home/csis/climweb/climweb/geomanager-data/chirps-monthly-lesotho/chirps-v3.0.2022.10-LSO_2022-10-01T00:00:00.000Z.tif
2026-04-03 13:29:27,308 INFO geodata_auto_ingest.common.chirps Downloading https://data.chc.ucsb.edu/products/CHIRPS/v3.0/monthly/africa/tifs/chirps-v3.0.2022.11.tif -> /opt/geodata-auto-ingest/work/chirps-v3-africa-monthly/raw/chirps-v3.0.2022.11.tif
2026-04-03 13:29:30,653 INFO geodata_auto_ingest.common.chirps Downloaded tif already at destination, skipping copy: /opt/geodata-auto-ingest/work/chirps-v3-africa-monthly/raw/chirps-v3.0.2022.11.tif
2026-04-03 13:29:30,654 INFO geodata_auto_ingest.common.shell $ gdalwarp -overwrite -cutline /opt/geodata-auto-ingest/boundaries/lesotho_boundary_admin0.geojson -crop_to_cutline -multi -dstalpha -co TILED=YES -co COMPRESS=DEFLATE /opt/geodata-auto-ingest/work/chirps-v3-africa-monthly/raw/chirps-v3.0.2022.11.tif /opt/geodata-auto-ingest/work/chirps-v3-africa-monthly/clipped/chirps-v3.0.2022.11-LSO.tif
2026-04-03 13:29:30,842 INFO geodata_auto_ingest.common.ingest Staged file for GeoManager ingest: /home/csis/climweb/climweb/geomanager-data/chirps-monthly-lesotho/chirps-v3.0.2022.11-LSO_2022-11-01T00:00:00.000Z.tif
2026-04-03 13:29:30,964 INFO geodata_auto_ingest.common.chirps Downloading https://data.chc.ucsb.edu/products/CHIRPS/v3.0/monthly/africa/tifs/chirps-v3.0.2022.12.tif -> /opt/geodata-auto-ingest/work/chirps-v3-africa-monthly/raw/chirps-v3.0.2022.12.tif
2026-04-03 13:29:34,267 INFO geodata_auto_ingest.common.chirps Downloaded tif already at destination, skipping copy: /opt/geodata-auto-ingest/work/chirps-v3-africa-monthly/raw/chirps-v3.0.2022.12.tif
2026-04-03 13:29:34,267 INFO geodata_auto_ingest.common.shell $ gdalwarp -overwrite -cutline /opt/geodata-auto-ingest/boundaries/lesotho_boundary_admin0.geojson -crop_to_cutline -multi -dstalpha -co TILED=YES -co COMPRESS=DEFLATE /opt/geodata-auto-ingest/work/chirps-v3-africa-monthly/raw/chirps-v3.0.2022.12.tif /opt/geodata-auto-ingest/work/chirps-v3-africa-monthly/clipped/chirps-v3.0.2022.12-LSO.tif
2026-04-03 13:29:34,455 INFO geodata_auto_ingest.common.ingest Staged file for GeoManager ingest: /home/csis/climweb/climweb/geomanager-data/chirps-monthly-lesotho/chirps-v3.0.2022.12-LSO_2022-12-01T00:00:00.000Z.tif
2026-04-03 13:29:34,570 INFO geodata_auto_ingest.common.chirps Downloading https://data.chc.ucsb.edu/products/CHIRPS/v3.0/monthly/africa/tifs/chirps-v3.0.2023.01.tif -> /opt/geodata-auto-ingest/work/chirps-v3-africa-monthly/raw/chirps-v3.0.2023.01.tif
2026-04-03 13:29:37,864 INFO geodata_auto_ingest.common.chirps Downloaded tif already at destination, skipping copy: /opt/geodata-auto-ingest/work/chirps-v3-africa-monthly/raw/chirps-v3.0.2023.01.tif
2026-04-03 13:29:37,864 INFO geodata_auto_ingest.common.shell $ gdalwarp -overwrite -cutline /opt/geodata-auto-ingest/boundaries/lesotho_boundary_admin0.geojson -crop_to_cutline -multi -dstalpha -co TILED=YES -co COMPRESS=DEFLATE /opt/geodata-auto-ingest/work/chirps-v3-africa-monthly/raw/chirps-v3.0.2023.01.tif /opt/geodata-auto-ingest/work/chirps-v3-africa-monthly/clipped/chirps-v3.0.2023.01-LSO.tif
2026-04-03 13:29:38,052 INFO geodata_auto_ingest.common.ingest Staged file for GeoManager ingest: /home/csis/climweb/climweb/geomanager-data/chirps-monthly-lesotho/chirps-v3.0.2023.01-LSO_2023-01-01T00:00:00.000Z.tif
2026-04-03 13:29:38,167 INFO geodata_auto_ingest.common.chirps Downloading https://data.chc.ucsb.edu/products/CHIRPS/v3.0/monthly/africa/tifs/chirps-v3.0.2023.02.tif -> /opt/geodata-auto-ingest/work/chirps-v3-africa-monthly/raw/chirps-v3.0.2023.02.tif
2026-04-03 13:29:41,447 INFO geodata_auto_ingest.common.chirps Downloaded tif already at destination, skipping copy: /opt/geodata-auto-ingest/work/chirps-v3-africa-monthly/raw/chirps-v3.0.2023.02.tif
2026-04-03 13:29:41,448 INFO geodata_auto_ingest.common.shell $ gdalwarp -overwrite -cutline /opt/geodata-auto-ingest/boundaries/lesotho_boundary_admin0.geojson -crop_to_cutline -multi -dstalpha -co TILED=YES -co COMPRESS=DEFLATE /opt/geodata-auto-ingest/work/chirps-v3-africa-monthly/raw/chirps-v3.0.2023.02.tif /opt/geodata-auto-ingest/work/chirps-v3-africa-monthly/clipped/chirps-v3.0.2023.02-LSO.tif
2026-04-03 13:29:41,637 INFO geodata_auto_ingest.common.ingest Staged file for GeoManager ingest: /home/csis/climweb/climweb/geomanager-data/chirps-monthly-lesotho/chirps-v3.0.2023.02-LSO_2023-02-01T00:00:00.000Z.tif
2026-04-03 13:29:41,757 INFO geodata_auto_ingest.common.chirps Downloading https://data.chc.ucsb.edu/products/CHIRPS/v3.0/monthly/africa/tifs/chirps-v3.0.2023.03.tif -> /opt/geodata-auto-ingest/work/chirps-v3-africa-monthly/raw/chirps-v3.0.2023.03.tif
2026-04-03 13:29:45,064 INFO geodata_auto_ingest.common.chirps Downloaded tif already at destination, skipping copy: /opt/geodata-auto-ingest/work/chirps-v3-africa-monthly/raw/chirps-v3.0.2023.03.tif
2026-04-03 13:29:45,065 INFO geodata_auto_ingest.common.shell $ gdalwarp -overwrite -cutline /opt/geodata-auto-ingest/boundaries/lesotho_boundary_admin0.geojson -crop_to_cutline -multi -dstalpha -co TILED=YES -co COMPRESS=DEFLATE /opt/geodata-auto-ingest/work/chirps-v3-africa-monthly/raw/chirps-v3.0.2023.03.tif /opt/geodata-auto-ingest/work/chirps-v3-africa-monthly/clipped/chirps-v3.0.2023.03-LSO.tif
2026-04-03 13:29:45,257 INFO geodata_auto_ingest.common.ingest Staged file for GeoManager ingest: /home/csis/climweb/climweb/geomanager-data/chirps-monthly-lesotho/chirps-v3.0.2023.03-LSO_2023-03-01T00:00:00.000Z.tif
2026-04-03 13:29:45,382 INFO geodata_auto_ingest.common.chirps Downloading https://data.chc.ucsb.edu/products/CHIRPS/v3.0/monthly/africa/tifs/chirps-v3.0.2023.04.tif -> /opt/geodata-auto-ingest/work/chirps-v3-africa-monthly/raw/chirps-v3.0.2023.04.tif
2026-04-03 13:29:48,670 INFO geodata_auto_ingest.common.chirps Downloaded tif already at destination, skipping copy: /opt/geodata-auto-ingest/work/chirps-v3-africa-monthly/raw/chirps-v3.0.2023.04.tif
2026-04-03 13:29:48,671 INFO geodata_auto_ingest.common.shell $ gdalwarp -overwrite -cutline /opt/geodata-auto-ingest/boundaries/lesotho_boundary_admin0.geojson -crop_to_cutline -multi -dstalpha -co TILED=YES -co COMPRESS=DEFLATE /opt/geodata-auto-ingest/work/chirps-v3-africa-monthly/raw/chirps-v3.0.2023.04.tif /opt/geodata-auto-ingest/work/chirps-v3-africa-monthly/clipped/chirps-v3.0.2023.04-LSO.tif
2026-04-03 13:29:48,861 INFO geodata_auto_ingest.common.ingest Staged file for GeoManager ingest: /home/csis/climweb/climweb/geomanager-data/chirps-monthly-lesotho/chirps-v3.0.2023.04-LSO_2023-04-01T00:00:00.000Z.tif
2026-04-03 13:29:48,985 INFO geodata_auto_ingest.common.chirps Downloading https://data.chc.ucsb.edu/products/CHIRPS/v3.0/monthly/africa/tifs/chirps-v3.0.2023.05.tif -> /opt/geodata-auto-ingest/work/chirps-v3-africa-monthly/raw/chirps-v3.0.2023.05.tif
2026-04-03 13:29:52,303 INFO geodata_auto_ingest.common.chirps Downloaded tif already at destination, skipping copy: /opt/geodata-auto-ingest/work/chirps-v3-africa-monthly/raw/chirps-v3.0.2023.05.tif
2026-04-03 13:29:52,303 INFO geodata_auto_ingest.common.shell $ gdalwarp -overwrite -cutline /opt/geodata-auto-ingest/boundaries/lesotho_boundary_admin0.geojson -crop_to_cutline -multi -dstalpha -co TILED=YES -co COMPRESS=DEFLATE /opt/geodata-auto-ingest/work/chirps-v3-africa-monthly/raw/chirps-v3.0.2023.05.tif /opt/geodata-auto-ingest/work/chirps-v3-africa-monthly/clipped/chirps-v3.0.2023.05-LSO.tif
2026-04-03 13:29:52,486 INFO geodata_auto_ingest.common.ingest Staged file for GeoManager ingest: /home/csis/climweb/climweb/geomanager-data/chirps-monthly-lesotho/chirps-v3.0.2023.05-LSO_2023-05-01T00:00:00.000Z.tif
2026-04-03 13:29:52,606 INFO geodata_auto_ingest.common.chirps Downloading https://data.chc.ucsb.edu/products/CHIRPS/v3.0/monthly/africa/tifs/chirps-v3.0.2023.06.tif -> /opt/geodata-auto-ingest/work/chirps-v3-africa-monthly/raw/chirps-v3.0.2023.06.tif
2026-04-03 13:29:55,905 INFO geodata_auto_ingest.common.chirps Downloaded tif already at destination, skipping copy: /opt/geodata-auto-ingest/work/chirps-v3-africa-monthly/raw/chirps-v3.0.2023.06.tif
2026-04-03 13:29:55,906 INFO geodata_auto_ingest.common.shell $ gdalwarp -overwrite -cutline /opt/geodata-auto-ingest/boundaries/lesotho_boundary_admin0.geojson -crop_to_cutline -multi -dstalpha -co TILED=YES -co COMPRESS=DEFLATE /opt/geodata-auto-ingest/work/chirps-v3-africa-monthly/raw/chirps-v3.0.2023.06.tif /opt/geodata-auto-ingest/work/chirps-v3-africa-monthly/clipped/chirps-v3.0.2023.06-LSO.tif
2026-04-03 13:29:56,103 INFO geodata_auto_ingest.common.ingest Staged file for GeoManager ingest: /home/csis/climweb/climweb/geomanager-data/chirps-monthly-lesotho/chirps-v3.0.2023.06-LSO_2023-06-01T00:00:00.000Z.tif
2026-04-03 13:29:56,224 INFO geodata_auto_ingest.common.chirps Downloading https://data.chc.ucsb.edu/products/CHIRPS/v3.0/monthly/africa/tifs/chirps-v3.0.2023.07.tif -> /opt/geodata-auto-ingest/work/chirps-v3-africa-monthly/raw/chirps-v3.0.2023.07.tif
2026-04-03 13:29:59,535 INFO geodata_auto_ingest.common.chirps Downloaded tif already at destination, skipping copy: /opt/geodata-auto-ingest/work/chirps-v3-africa-monthly/raw/chirps-v3.0.2023.07.tif
2026-04-03 13:29:59,536 INFO geodata_auto_ingest.common.shell $ gdalwarp -overwrite -cutline /opt/geodata-auto-ingest/boundaries/lesotho_boundary_admin0.geojson -crop_to_cutline -multi -dstalpha -co TILED=YES -co COMPRESS=DEFLATE /opt/geodata-auto-ingest/work/chirps-v3-africa-monthly/raw/chirps-v3.0.2023.07.tif /opt/geodata-auto-ingest/work/chirps-v3-africa-monthly/clipped/chirps-v3.0.2023.07-LSO.tif
2026-04-03 13:29:59,738 INFO geodata_auto_ingest.common.ingest Staged file for GeoManager ingest: /home/csis/climweb/climweb/geomanager-data/chirps-monthly-lesotho/chirps-v3.0.2023.07-LSO_2023-07-01T00:00:00.000Z.tif
2026-04-03 13:29:59,863 INFO geodata_auto_ingest.common.chirps Downloading https://data.chc.ucsb.edu/products/CHIRPS/v3.0/monthly/africa/tifs/chirps-v3.0.2023.08.tif -> /opt/geodata-auto-ingest/work/chirps-v3-africa-monthly/raw/chirps-v3.0.2023.08.tif
2026-04-03 13:30:03,157 INFO geodata_auto_ingest.common.chirps Downloaded tif already at destination, skipping copy: /opt/geodata-auto-ingest/work/chirps-v3-africa-monthly/raw/chirps-v3.0.2023.08.tif
2026-04-03 13:30:03,158 INFO geodata_auto_ingest.common.shell $ gdalwarp -overwrite -cutline /opt/geodata-auto-ingest/boundaries/lesotho_boundary_admin0.geojson -crop_to_cutline -multi -dstalpha -co TILED=YES -co COMPRESS=DEFLATE /opt/geodata-auto-ingest/work/chirps-v3-africa-monthly/raw/chirps-v3.0.2023.08.tif /opt/geodata-auto-ingest/work/chirps-v3-africa-monthly/clipped/chirps-v3.0.2023.08-LSO.tif
2026-04-03 13:30:03,344 INFO geodata_auto_ingest.common.ingest Staged file for GeoManager ingest: /home/csis/climweb/climweb/geomanager-data/chirps-monthly-lesotho/chirps-v3.0.2023.08-LSO_2023-08-01T00:00:00.000Z.tif
2026-04-03 13:30:03,460 INFO geodata_auto_ingest.common.chirps Downloading https://data.chc.ucsb.edu/products/CHIRPS/v3.0/monthly/africa/tifs/chirps-v3.0.2023.09.tif -> /opt/geodata-auto-ingest/work/chirps-v3-africa-monthly/raw/chirps-v3.0.2023.09.tif
2026-04-03 13:30:06,741 INFO geodata_auto_ingest.common.chirps Downloaded tif already at destination, skipping copy: /opt/geodata-auto-ingest/work/chirps-v3-africa-monthly/raw/chirps-v3.0.2023.09.tif
2026-04-03 13:30:06,742 INFO geodata_auto_ingest.common.shell $ gdalwarp -overwrite -cutline /opt/geodata-auto-ingest/boundaries/lesotho_boundary_admin0.geojson -crop_to_cutline -multi -dstalpha -co TILED=YES -co COMPRESS=DEFLATE /opt/geodata-auto-ingest/work/chirps-v3-africa-monthly/raw/chirps-v3.0.2023.09.tif /opt/geodata-auto-ingest/work/chirps-v3-africa-monthly/clipped/chirps-v3.0.2023.09-LSO.tif
2026-04-03 13:30:06,930 INFO geodata_auto_ingest.common.ingest Staged file for GeoManager ingest: /home/csis/climweb/climweb/geomanager-data/chirps-monthly-lesotho/chirps-v3.0.2023.09-LSO_2023-09-01T00:00:00.000Z.tif
2026-04-03 13:30:07,053 INFO geodata_auto_ingest.common.chirps Downloading https://data.chc.ucsb.edu/products/CHIRPS/v3.0/monthly/africa/tifs/chirps-v3.0.2023.10.tif -> /opt/geodata-auto-ingest/work/chirps-v3-africa-monthly/raw/chirps-v3.0.2023.10.tif
2026-04-03 13:30:10,394 INFO geodata_auto_ingest.common.chirps Downloaded tif already at destination, skipping copy: /opt/geodata-auto-ingest/work/chirps-v3-africa-monthly/raw/chirps-v3.0.2023.10.tif
2026-04-03 13:30:10,395 INFO geodata_auto_ingest.common.shell $ gdalwarp -overwrite -cutline /opt/geodata-auto-ingest/boundaries/lesotho_boundary_admin0.geojson -crop_to_cutline -multi -dstalpha -co TILED=YES -co COMPRESS=DEFLATE /opt/geodata-auto-ingest/work/chirps-v3-africa-monthly/raw/chirps-v3.0.2023.10.tif /opt/geodata-auto-ingest/work/chirps-v3-africa-monthly/clipped/chirps-v3.0.2023.10-LSO.tif
2026-04-03 13:30:10,588 INFO geodata_auto_ingest.common.ingest Staged file for GeoManager ingest: /home/csis/climweb/climweb/geomanager-data/chirps-monthly-lesotho/chirps-v3.0.2023.10-LSO_2023-10-01T00:00:00.000Z.tif
2026-04-03 13:30:10,700 INFO geodata_auto_ingest.common.chirps Downloading https://data.chc.ucsb.edu/products/CHIRPS/v3.0/monthly/africa/tifs/chirps-v3.0.2023.11.tif -> /opt/geodata-auto-ingest/work/chirps-v3-africa-monthly/raw/chirps-v3.0.2023.11.tif
2026-04-03 13:30:13,959 INFO geodata_auto_ingest.common.chirps Downloaded tif already at destination, skipping copy: /opt/geodata-auto-ingest/work/chirps-v3-africa-monthly/raw/chirps-v3.0.2023.11.tif
2026-04-03 13:30:13,959 INFO geodata_auto_ingest.common.shell $ gdalwarp -overwrite -cutline /opt/geodata-auto-ingest/boundaries/lesotho_boundary_admin0.geojson -crop_to_cutline -multi -dstalpha -co TILED=YES -co COMPRESS=DEFLATE /opt/geodata-auto-ingest/work/chirps-v3-africa-monthly/raw/chirps-v3.0.2023.11.tif /opt/geodata-auto-ingest/work/chirps-v3-africa-monthly/clipped/chirps-v3.0.2023.11-LSO.tif
2026-04-03 13:30:14,145 INFO geodata_auto_ingest.common.ingest Staged file for GeoManager ingest: /home/csis/climweb/climweb/geomanager-data/chirps-monthly-lesotho/chirps-v3.0.2023.11-LSO_2023-11-01T00:00:00.000Z.tif
2026-04-03 13:30:14,266 INFO geodata_auto_ingest.common.chirps Downloading https://data.chc.ucsb.edu/products/CHIRPS/v3.0/monthly/africa/tifs/chirps-v3.0.2023.12.tif -> /opt/geodata-auto-ingest/work/chirps-v3-africa-monthly/raw/chirps-v3.0.2023.12.tif
2026-04-03 13:30:17,520 INFO geodata_auto_ingest.common.chirps Downloaded tif already at destination, skipping copy: /opt/geodata-auto-ingest/work/chirps-v3-africa-monthly/raw/chirps-v3.0.2023.12.tif
2026-04-03 13:30:17,520 INFO geodata_auto_ingest.common.shell $ gdalwarp -overwrite -cutline /opt/geodata-auto-ingest/boundaries/lesotho_boundary_admin0.geojson -crop_to_cutline -multi -dstalpha -co TILED=YES -co COMPRESS=DEFLATE /opt/geodata-auto-ingest/work/chirps-v3-africa-monthly/raw/chirps-v3.0.2023.12.tif /opt/geodata-auto-ingest/work/chirps-v3-africa-monthly/clipped/chirps-v3.0.2023.12-LSO.tif
2026-04-03 13:30:17,726 INFO geodata_auto_ingest.common.ingest Staged file for GeoManager ingest: /home/csis/climweb/climweb/geomanager-data/chirps-monthly-lesotho/chirps-v3.0.2023.12-LSO_2023-12-01T00:00:00.000Z.tif
2026-04-03 13:30:17,828 INFO geodata_auto_ingest.common.chirps Downloading https://data.chc.ucsb.edu/products/CHIRPS/v3.0/monthly/africa/tifs/chirps-v3.0.2024.01.tif -> /opt/geodata-auto-ingest/work/chirps-v3-africa-monthly/raw/chirps-v3.0.2024.01.tif
2026-04-03 13:30:21,094 INFO geodata_auto_ingest.common.chirps Downloaded tif already at destination, skipping copy: /opt/geodata-auto-ingest/work/chirps-v3-africa-monthly/raw/chirps-v3.0.2024.01.tif
2026-04-03 13:30:21,095 INFO geodata_auto_ingest.common.shell $ gdalwarp -overwrite -cutline /opt/geodata-auto-ingest/boundaries/lesotho_boundary_admin0.geojson -crop_to_cutline -multi -dstalpha -co TILED=YES -co COMPRESS=DEFLATE /opt/geodata-auto-ingest/work/chirps-v3-africa-monthly/raw/chirps-v3.0.2024.01.tif /opt/geodata-auto-ingest/work/chirps-v3-africa-monthly/clipped/chirps-v3.0.2024.01-LSO.tif
2026-04-03 13:30:21,285 INFO geodata_auto_ingest.common.ingest Staged file for GeoManager ingest: /home/csis/climweb/climweb/geomanager-data/chirps-monthly-lesotho/chirps-v3.0.2024.01-LSO_2024-01-01T00:00:00.000Z.tif
2026-04-03 13:30:21,409 INFO geodata_auto_ingest.common.chirps Downloading https://data.chc.ucsb.edu/products/CHIRPS/v3.0/monthly/africa/tifs/chirps-v3.0.2024.02.tif -> /opt/geodata-auto-ingest/work/chirps-v3-africa-monthly/raw/chirps-v3.0.2024.02.tif
2026-04-03 13:30:24,669 INFO geodata_auto_ingest.common.chirps Downloaded tif already at destination, skipping copy: /opt/geodata-auto-ingest/work/chirps-v3-africa-monthly/raw/chirps-v3.0.2024.02.tif
2026-04-03 13:30:24,670 INFO geodata_auto_ingest.common.shell $ gdalwarp -overwrite -cutline /opt/geodata-auto-ingest/boundaries/lesotho_boundary_admin0.geojson -crop_to_cutline -multi -dstalpha -co TILED=YES -co COMPRESS=DEFLATE /opt/geodata-auto-ingest/work/chirps-v3-africa-monthly/raw/chirps-v3.0.2024.02.tif /opt/geodata-auto-ingest/work/chirps-v3-africa-monthly/clipped/chirps-v3.0.2024.02-LSO.tif
2026-04-03 13:30:24,854 INFO geodata_auto_ingest.common.ingest Staged file for GeoManager ingest: /home/csis/climweb/climweb/geomanager-data/chirps-monthly-lesotho/chirps-v3.0.2024.02-LSO_2024-02-01T00:00:00.000Z.tif
2026-04-03 13:30:24,978 INFO geodata_auto_ingest.common.chirps Downloading https://data.chc.ucsb.edu/products/CHIRPS/v3.0/monthly/africa/tifs/chirps-v3.0.2024.03.tif -> /opt/geodata-auto-ingest/work/chirps-v3-africa-monthly/raw/chirps-v3.0.2024.03.tif
2026-04-03 13:30:28,248 INFO geodata_auto_ingest.common.chirps Downloaded tif already at destination, skipping copy: /opt/geodata-auto-ingest/work/chirps-v3-africa-monthly/raw/chirps-v3.0.2024.03.tif
2026-04-03 13:30:28,249 INFO geodata_auto_ingest.common.shell $ gdalwarp -overwrite -cutline /opt/geodata-auto-ingest/boundaries/lesotho_boundary_admin0.geojson -crop_to_cutline -multi -dstalpha -co TILED=YES -co COMPRESS=DEFLATE /opt/geodata-auto-ingest/work/chirps-v3-africa-monthly/raw/chirps-v3.0.2024.03.tif /opt/geodata-auto-ingest/work/chirps-v3-africa-monthly/clipped/chirps-v3.0.2024.03-LSO.tif
2026-04-03 13:30:28,435 INFO geodata_auto_ingest.common.ingest Staged file for GeoManager ingest: /home/csis/climweb/climweb/geomanager-data/chirps-monthly-lesotho/chirps-v3.0.2024.03-LSO_2024-03-01T00:00:00.000Z.tif
2026-04-03 13:30:28,553 INFO geodata_auto_ingest.common.chirps Downloading https://data.chc.ucsb.edu/products/CHIRPS/v3.0/monthly/africa/tifs/chirps-v3.0.2024.04.tif -> /opt/geodata-auto-ingest/work/chirps-v3-africa-monthly/raw/chirps-v3.0.2024.04.tif
2026-04-03 13:30:31,873 INFO geodata_auto_ingest.common.chirps Downloaded tif already at destination, skipping copy: /opt/geodata-auto-ingest/work/chirps-v3-africa-monthly/raw/chirps-v3.0.2024.04.tif
2026-04-03 13:30:31,874 INFO geodata_auto_ingest.common.shell $ gdalwarp -overwrite -cutline /opt/geodata-auto-ingest/boundaries/lesotho_boundary_admin0.geojson -crop_to_cutline -multi -dstalpha -co TILED=YES -co COMPRESS=DEFLATE /opt/geodata-auto-ingest/work/chirps-v3-africa-monthly/raw/chirps-v3.0.2024.04.tif /opt/geodata-auto-ingest/work/chirps-v3-africa-monthly/clipped/chirps-v3.0.2024.04-LSO.tif
2026-04-03 13:30:32,058 INFO geodata_auto_ingest.common.ingest Staged file for GeoManager ingest: /home/csis/climweb/climweb/geomanager-data/chirps-monthly-lesotho/chirps-v3.0.2024.04-LSO_2024-04-01T00:00:00.000Z.tif
2026-04-03 13:30:32,165 INFO geodata_auto_ingest.common.chirps Downloading https://data.chc.ucsb.edu/products/CHIRPS/v3.0/monthly/africa/tifs/chirps-v3.0.2024.05.tif -> /opt/geodata-auto-ingest/work/chirps-v3-africa-monthly/raw/chirps-v3.0.2024.05.tif
2026-04-03 13:30:36,154 INFO geodata_auto_ingest.common.chirps Downloaded tif already at destination, skipping copy: /opt/geodata-auto-ingest/work/chirps-v3-africa-monthly/raw/chirps-v3.0.2024.05.tif
2026-04-03 13:30:36,155 INFO geodata_auto_ingest.common.shell $ gdalwarp -overwrite -cutline /opt/geodata-auto-ingest/boundaries/lesotho_boundary_admin0.geojson -crop_to_cutline -multi -dstalpha -co TILED=YES -co COMPRESS=DEFLATE /opt/geodata-auto-ingest/work/chirps-v3-africa-monthly/raw/chirps-v3.0.2024.05.tif /opt/geodata-auto-ingest/work/chirps-v3-africa-monthly/clipped/chirps-v3.0.2024.05-LSO.tif
2026-04-03 13:30:36,339 INFO geodata_auto_ingest.common.ingest Staged file for GeoManager ingest: /home/csis/climweb/climweb/geomanager-data/chirps-monthly-lesotho/chirps-v3.0.2024.05-LSO_2024-05-01T00:00:00.000Z.tif
2026-04-03 13:30:36,461 INFO geodata_auto_ingest.common.chirps Downloading https://data.chc.ucsb.edu/products/CHIRPS/v3.0/monthly/africa/tifs/chirps-v3.0.2024.06.tif -> /opt/geodata-auto-ingest/work/chirps-v3-africa-monthly/raw/chirps-v3.0.2024.06.tif
2026-04-03 13:30:39,791 INFO geodata_auto_ingest.common.chirps Downloaded tif already at destination, skipping copy: /opt/geodata-auto-ingest/work/chirps-v3-africa-monthly/raw/chirps-v3.0.2024.06.tif
2026-04-03 13:30:39,792 INFO geodata_auto_ingest.common.shell $ gdalwarp -overwrite -cutline /opt/geodata-auto-ingest/boundaries/lesotho_boundary_admin0.geojson -crop_to_cutline -multi -dstalpha -co TILED=YES -co COMPRESS=DEFLATE /opt/geodata-auto-ingest/work/chirps-v3-africa-monthly/raw/chirps-v3.0.2024.06.tif /opt/geodata-auto-ingest/work/chirps-v3-africa-monthly/clipped/chirps-v3.0.2024.06-LSO.tif
2026-04-03 13:30:39,979 INFO geodata_auto_ingest.common.ingest Staged file for GeoManager ingest: /home/csis/climweb/climweb/geomanager-data/chirps-monthly-lesotho/chirps-v3.0.2024.06-LSO_2024-06-01T00:00:00.000Z.tif
2026-04-03 13:30:40,108 INFO geodata_auto_ingest.common.chirps Downloading https://data.chc.ucsb.edu/products/CHIRPS/v3.0/monthly/africa/tifs/chirps-v3.0.2024.07.tif -> /opt/geodata-auto-ingest/work/chirps-v3-africa-monthly/raw/chirps-v3.0.2024.07.tif
2026-04-03 13:30:43,394 INFO geodata_auto_ingest.common.chirps Downloaded tif already at destination, skipping copy: /opt/geodata-auto-ingest/work/chirps-v3-africa-monthly/raw/chirps-v3.0.2024.07.tif
2026-04-03 13:30:43,394 INFO geodata_auto_ingest.common.shell $ gdalwarp -overwrite -cutline /opt/geodata-auto-ingest/boundaries/lesotho_boundary_admin0.geojson -crop_to_cutline -multi -dstalpha -co TILED=YES -co COMPRESS=DEFLATE /opt/geodata-auto-ingest/work/chirps-v3-africa-monthly/raw/chirps-v3.0.2024.07.tif /opt/geodata-auto-ingest/work/chirps-v3-africa-monthly/clipped/chirps-v3.0.2024.07-LSO.tif
2026-04-03 13:30:43,591 INFO geodata_auto_ingest.common.ingest Staged file for GeoManager ingest: /home/csis/climweb/climweb/geomanager-data/chirps-monthly-lesotho/chirps-v3.0.2024.07-LSO_2024-07-01T00:00:00.000Z.tif
2026-04-03 13:30:43,718 INFO geodata_auto_ingest.common.chirps Downloading https://data.chc.ucsb.edu/products/CHIRPS/v3.0/monthly/africa/tifs/chirps-v3.0.2024.08.tif -> /opt/geodata-auto-ingest/work/chirps-v3-africa-monthly/raw/chirps-v3.0.2024.08.tif
2026-04-03 13:30:47,041 INFO geodata_auto_ingest.common.chirps Downloaded tif already at destination, skipping copy: /opt/geodata-auto-ingest/work/chirps-v3-africa-monthly/raw/chirps-v3.0.2024.08.tif
2026-04-03 13:30:47,041 INFO geodata_auto_ingest.common.shell $ gdalwarp -overwrite -cutline /opt/geodata-auto-ingest/boundaries/lesotho_boundary_admin0.geojson -crop_to_cutline -multi -dstalpha -co TILED=YES -co COMPRESS=DEFLATE /opt/geodata-auto-ingest/work/chirps-v3-africa-monthly/raw/chirps-v3.0.2024.08.tif /opt/geodata-auto-ingest/work/chirps-v3-africa-monthly/clipped/chirps-v3.0.2024.08-LSO.tif
2026-04-03 13:30:47,235 INFO geodata_auto_ingest.common.ingest Staged file for GeoManager ingest: /home/csis/climweb/climweb/geomanager-data/chirps-monthly-lesotho/chirps-v3.0.2024.08-LSO_2024-08-01T00:00:00.000Z.tif
2026-04-03 13:30:47,355 INFO geodata_auto_ingest.common.chirps Downloading https://data.chc.ucsb.edu/products/CHIRPS/v3.0/monthly/africa/tifs/chirps-v3.0.2024.09.tif -> /opt/geodata-auto-ingest/work/chirps-v3-africa-monthly/raw/chirps-v3.0.2024.09.tif
2026-04-03 13:30:50,678 INFO geodata_auto_ingest.common.chirps Downloaded tif already at destination, skipping copy: /opt/geodata-auto-ingest/work/chirps-v3-africa-monthly/raw/chirps-v3.0.2024.09.tif
2026-04-03 13:30:50,678 INFO geodata_auto_ingest.common.shell $ gdalwarp -overwrite -cutline /opt/geodata-auto-ingest/boundaries/lesotho_boundary_admin0.geojson -crop_to_cutline -multi -dstalpha -co TILED=YES -co COMPRESS=DEFLATE /opt/geodata-auto-ingest/work/chirps-v3-africa-monthly/raw/chirps-v3.0.2024.09.tif /opt/geodata-auto-ingest/work/chirps-v3-africa-monthly/clipped/chirps-v3.0.2024.09-LSO.tif
2026-04-03 13:30:50,862 INFO geodata_auto_ingest.common.ingest Staged file for GeoManager ingest: /home/csis/climweb/climweb/geomanager-data/chirps-monthly-lesotho/chirps-v3.0.2024.09-LSO_2024-09-01T00:00:00.000Z.tif
2026-04-03 13:30:50,983 INFO geodata_auto_ingest.common.chirps Downloading https://data.chc.ucsb.edu/products/CHIRPS/v3.0/monthly/africa/tifs/chirps-v3.0.2024.10.tif -> /opt/geodata-auto-ingest/work/chirps-v3-africa-monthly/raw/chirps-v3.0.2024.10.tif
2026-04-03 13:30:54,387 INFO geodata_auto_ingest.common.chirps Downloaded tif already at destination, skipping copy: /opt/geodata-auto-ingest/work/chirps-v3-africa-monthly/raw/chirps-v3.0.2024.10.tif
2026-04-03 13:30:54,388 INFO geodata_auto_ingest.common.shell $ gdalwarp -overwrite -cutline /opt/geodata-auto-ingest/boundaries/lesotho_boundary_admin0.geojson -crop_to_cutline -multi -dstalpha -co TILED=YES -co COMPRESS=DEFLATE /opt/geodata-auto-ingest/work/chirps-v3-africa-monthly/raw/chirps-v3.0.2024.10.tif /opt/geodata-auto-ingest/work/chirps-v3-africa-monthly/clipped/chirps-v3.0.2024.10-LSO.tif
2026-04-03 13:30:54,573 INFO geodata_auto_ingest.common.ingest Staged file for GeoManager ingest: /home/csis/climweb/climweb/geomanager-data/chirps-monthly-lesotho/chirps-v3.0.2024.10-LSO_2024-10-01T00:00:00.000Z.tif
2026-04-03 13:30:54,696 INFO geodata_auto_ingest.common.chirps Downloading https://data.chc.ucsb.edu/products/CHIRPS/v3.0/monthly/africa/tifs/chirps-v3.0.2024.11.tif -> /opt/geodata-auto-ingest/work/chirps-v3-africa-monthly/raw/chirps-v3.0.2024.11.tif
2026-04-03 13:30:57,963 INFO geodata_auto_ingest.common.chirps Downloaded tif already at destination, skipping copy: /opt/geodata-auto-ingest/work/chirps-v3-africa-monthly/raw/chirps-v3.0.2024.11.tif
2026-04-03 13:30:57,963 INFO geodata_auto_ingest.common.shell $ gdalwarp -overwrite -cutline /opt/geodata-auto-ingest/boundaries/lesotho_boundary_admin0.geojson -crop_to_cutline -multi -dstalpha -co TILED=YES -co COMPRESS=DEFLATE /opt/geodata-auto-ingest/work/chirps-v3-africa-monthly/raw/chirps-v3.0.2024.11.tif /opt/geodata-auto-ingest/work/chirps-v3-africa-monthly/clipped/chirps-v3.0.2024.11-LSO.tif
2026-04-03 13:30:58,149 INFO geodata_auto_ingest.common.ingest Staged file for GeoManager ingest: /home/csis/climweb/climweb/geomanager-data/chirps-monthly-lesotho/chirps-v3.0.2024.11-LSO_2024-11-01T00:00:00.000Z.tif
2026-04-03 13:30:58,268 INFO geodata_auto_ingest.common.chirps Downloading https://data.chc.ucsb.edu/products/CHIRPS/v3.0/monthly/africa/tifs/chirps-v3.0.2024.12.tif -> /opt/geodata-auto-ingest/work/chirps-v3-africa-monthly/raw/chirps-v3.0.2024.12.tif
2026-04-03 13:31:01,579 INFO geodata_auto_ingest.common.chirps Downloaded tif already at destination, skipping copy: /opt/geodata-auto-ingest/work/chirps-v3-africa-monthly/raw/chirps-v3.0.2024.12.tif
2026-04-03 13:31:01,580 INFO geodata_auto_ingest.common.shell $ gdalwarp -overwrite -cutline /opt/geodata-auto-ingest/boundaries/lesotho_boundary_admin0.geojson -crop_to_cutline -multi -dstalpha -co TILED=YES -co COMPRESS=DEFLATE /opt/geodata-auto-ingest/work/chirps-v3-africa-monthly/raw/chirps-v3.0.2024.12.tif /opt/geodata-auto-ingest/work/chirps-v3-africa-monthly/clipped/chirps-v3.0.2024.12-LSO.tif
2026-04-03 13:31:01,765 INFO geodata_auto_ingest.common.ingest Staged file for GeoManager ingest: /home/csis/climweb/climweb/geomanager-data/chirps-monthly-lesotho/chirps-v3.0.2024.12-LSO_2024-12-01T00:00:00.000Z.tif
2026-04-03 13:31:01,887 INFO geodata_auto_ingest.common.chirps Downloading https://data.chc.ucsb.edu/products/CHIRPS/v3.0/monthly/africa/tifs/chirps-v3.0.2025.01.tif -> /opt/geodata-auto-ingest/work/chirps-v3-africa-monthly/raw/chirps-v3.0.2025.01.tif
2026-04-03 13:31:05,166 INFO geodata_auto_ingest.common.chirps Downloaded tif already at destination, skipping copy: /opt/geodata-auto-ingest/work/chirps-v3-africa-monthly/raw/chirps-v3.0.2025.01.tif
2026-04-03 13:31:05,167 INFO geodata_auto_ingest.common.shell $ gdalwarp -overwrite -cutline /opt/geodata-auto-ingest/boundaries/lesotho_boundary_admin0.geojson -crop_to_cutline -multi -dstalpha -co TILED=YES -co COMPRESS=DEFLATE /opt/geodata-auto-ingest/work/chirps-v3-africa-monthly/raw/chirps-v3.0.2025.01.tif /opt/geodata-auto-ingest/work/chirps-v3-africa-monthly/clipped/chirps-v3.0.2025.01-LSO.tif
2026-04-03 13:31:05,352 INFO geodata_auto_ingest.common.ingest Staged file for GeoManager ingest: /home/csis/climweb/climweb/geomanager-data/chirps-monthly-lesotho/chirps-v3.0.2025.01-LSO_2025-01-01T00:00:00.000Z.tif
2026-04-03 13:31:05,468 INFO geodata_auto_ingest.common.chirps Downloading https://data.chc.ucsb.edu/products/CHIRPS/v3.0/monthly/africa/tifs/chirps-v3.0.2025.02.tif -> /opt/geodata-auto-ingest/work/chirps-v3-africa-monthly/raw/chirps-v3.0.2025.02.tif
2026-04-03 13:31:08,790 INFO geodata_auto_ingest.common.chirps Downloaded tif already at destination, skipping copy: /opt/geodata-auto-ingest/work/chirps-v3-africa-monthly/raw/chirps-v3.0.2025.02.tif
2026-04-03 13:31:08,791 INFO geodata_auto_ingest.common.shell $ gdalwarp -overwrite -cutline /opt/geodata-auto-ingest/boundaries/lesotho_boundary_admin0.geojson -crop_to_cutline -multi -dstalpha -co TILED=YES -co COMPRESS=DEFLATE /opt/geodata-auto-ingest/work/chirps-v3-africa-monthly/raw/chirps-v3.0.2025.02.tif /opt/geodata-auto-ingest/work/chirps-v3-africa-monthly/clipped/chirps-v3.0.2025.02-LSO.tif
2026-04-03 13:31:08,977 INFO geodata_auto_ingest.common.ingest Staged file for GeoManager ingest: /home/csis/climweb/climweb/geomanager-data/chirps-monthly-lesotho/chirps-v3.0.2025.02-LSO_2025-02-01T00:00:00.000Z.tif
2026-04-03 13:31:09,092 INFO geodata_auto_ingest.common.chirps Downloading https://data.chc.ucsb.edu/products/CHIRPS/v3.0/monthly/africa/tifs/chirps-v3.0.2025.03.tif -> /opt/geodata-auto-ingest/work/chirps-v3-africa-monthly/raw/chirps-v3.0.2025.03.tif
2026-04-03 13:31:19,363 INFO geodata_auto_ingest.common.chirps Downloaded tif already at destination, skipping copy: /opt/geodata-auto-ingest/work/chirps-v3-africa-monthly/raw/chirps-v3.0.2025.03.tif
2026-04-03 13:31:19,364 INFO geodata_auto_ingest.common.shell $ gdalwarp -overwrite -cutline /opt/geodata-auto-ingest/boundaries/lesotho_boundary_admin0.geojson -crop_to_cutline -multi -dstalpha -co TILED=YES -co COMPRESS=DEFLATE /opt/geodata-auto-ingest/work/chirps-v3-africa-monthly/raw/chirps-v3.0.2025.03.tif /opt/geodata-auto-ingest/work/chirps-v3-africa-monthly/clipped/chirps-v3.0.2025.03-LSO.tif
2026-04-03 13:31:19,550 INFO geodata_auto_ingest.common.ingest Staged file for GeoManager ingest: /home/csis/climweb/climweb/geomanager-data/chirps-monthly-lesotho/chirps-v3.0.2025.03-LSO_2025-03-01T00:00:00.000Z.tif
2026-04-03 13:31:19,672 INFO geodata_auto_ingest.common.chirps Downloading https://data.chc.ucsb.edu/products/CHIRPS/v3.0/monthly/africa/tifs/chirps-v3.0.2025.04.tif -> /opt/geodata-auto-ingest/work/chirps-v3-africa-monthly/raw/chirps-v3.0.2025.04.tif
2026-04-03 13:31:22,934 INFO geodata_auto_ingest.common.chirps Downloaded tif already at destination, skipping copy: /opt/geodata-auto-ingest/work/chirps-v3-africa-monthly/raw/chirps-v3.0.2025.04.tif
2026-04-03 13:31:22,935 INFO geodata_auto_ingest.common.shell $ gdalwarp -overwrite -cutline /opt/geodata-auto-ingest/boundaries/lesotho_boundary_admin0.geojson -crop_to_cutline -multi -dstalpha -co TILED=YES -co COMPRESS=DEFLATE /opt/geodata-auto-ingest/work/chirps-v3-africa-monthly/raw/chirps-v3.0.2025.04.tif /opt/geodata-auto-ingest/work/chirps-v3-africa-monthly/clipped/chirps-v3.0.2025.04-LSO.tif
2026-04-03 13:31:23,122 INFO geodata_auto_ingest.common.ingest Staged file for GeoManager ingest: /home/csis/climweb/climweb/geomanager-data/chirps-monthly-lesotho/chirps-v3.0.2025.04-LSO_2025-04-01T00:00:00.000Z.tif
2026-04-03 13:31:23,242 INFO geodata_auto_ingest.common.chirps Downloading https://data.chc.ucsb.edu/products/CHIRPS/v3.0/monthly/africa/tifs/chirps-v3.0.2025.05.tif -> /opt/geodata-auto-ingest/work/chirps-v3-africa-monthly/raw/chirps-v3.0.2025.05.tif
2026-04-03 13:31:26,564 INFO geodata_auto_ingest.common.chirps Downloaded tif already at destination, skipping copy: /opt/geodata-auto-ingest/work/chirps-v3-africa-monthly/raw/chirps-v3.0.2025.05.tif
2026-04-03 13:31:26,565 INFO geodata_auto_ingest.common.shell $ gdalwarp -overwrite -cutline /opt/geodata-auto-ingest/boundaries/lesotho_boundary_admin0.geojson -crop_to_cutline -multi -dstalpha -co TILED=YES -co COMPRESS=DEFLATE /opt/geodata-auto-ingest/work/chirps-v3-africa-monthly/raw/chirps-v3.0.2025.05.tif /opt/geodata-auto-ingest/work/chirps-v3-africa-monthly/clipped/chirps-v3.0.2025.05-LSO.tif
2026-04-03 13:31:26,753 INFO geodata_auto_ingest.common.ingest Staged file for GeoManager ingest: /home/csis/climweb/climweb/geomanager-data/chirps-monthly-lesotho/chirps-v3.0.2025.05-LSO_2025-05-01T00:00:00.000Z.tif
2026-04-03 13:31:26,873 INFO geodata_auto_ingest.common.chirps Downloading https://data.chc.ucsb.edu/products/CHIRPS/v3.0/monthly/africa/tifs/chirps-v3.0.2025.06.tif -> /opt/geodata-auto-ingest/work/chirps-v3-africa-monthly/raw/chirps-v3.0.2025.06.tif
2026-04-03 13:31:30,191 INFO geodata_auto_ingest.common.chirps Downloaded tif already at destination, skipping copy: /opt/geodata-auto-ingest/work/chirps-v3-africa-monthly/raw/chirps-v3.0.2025.06.tif
2026-04-03 13:31:30,192 INFO geodata_auto_ingest.common.shell $ gdalwarp -overwrite -cutline /opt/geodata-auto-ingest/boundaries/lesotho_boundary_admin0.geojson -crop_to_cutline -multi -dstalpha -co TILED=YES -co COMPRESS=DEFLATE /opt/geodata-auto-ingest/work/chirps-v3-africa-monthly/raw/chirps-v3.0.2025.06.tif /opt/geodata-auto-ingest/work/chirps-v3-africa-monthly/clipped/chirps-v3.0.2025.06-LSO.tif
2026-04-03 13:31:30,379 INFO geodata_auto_ingest.common.ingest Staged file for GeoManager ingest: /home/csis/climweb/climweb/geomanager-data/chirps-monthly-lesotho/chirps-v3.0.2025.06-LSO_2025-06-01T00:00:00.000Z.tif
2026-04-03 13:31:30,502 INFO geodata_auto_ingest.common.chirps Downloading https://data.chc.ucsb.edu/products/CHIRPS/v3.0/monthly/africa/tifs/chirps-v3.0.2025.07.tif -> /opt/geodata-auto-ingest/work/chirps-v3-africa-monthly/raw/chirps-v3.0.2025.07.tif
2026-04-03 13:31:33,820 INFO geodata_auto_ingest.common.chirps Downloaded tif already at destination, skipping copy: /opt/geodata-auto-ingest/work/chirps-v3-africa-monthly/raw/chirps-v3.0.2025.07.tif
2026-04-03 13:31:33,821 INFO geodata_auto_ingest.common.shell $ gdalwarp -overwrite -cutline /opt/geodata-auto-ingest/boundaries/lesotho_boundary_admin0.geojson -crop_to_cutline -multi -dstalpha -co TILED=YES -co COMPRESS=DEFLATE /opt/geodata-auto-ingest/work/chirps-v3-africa-monthly/raw/chirps-v3.0.2025.07.tif /opt/geodata-auto-ingest/work/chirps-v3-africa-monthly/clipped/chirps-v3.0.2025.07-LSO.tif
2026-04-03 13:31:34,005 INFO geodata_auto_ingest.common.ingest Staged file for GeoManager ingest: /home/csis/climweb/climweb/geomanager-data/chirps-monthly-lesotho/chirps-v3.0.2025.07-LSO_2025-07-01T00:00:00.000Z.tif
2026-04-03 13:31:34,125 INFO geodata_auto_ingest.common.chirps Downloading https://data.chc.ucsb.edu/products/CHIRPS/v3.0/monthly/africa/tifs/chirps-v3.0.2025.08.tif -> /opt/geodata-auto-ingest/work/chirps-v3-africa-monthly/raw/chirps-v3.0.2025.08.tif
2026-04-03 13:31:37,729 INFO geodata_auto_ingest.common.chirps Downloaded tif already at destination, skipping copy: /opt/geodata-auto-ingest/work/chirps-v3-africa-monthly/raw/chirps-v3.0.2025.08.tif
2026-04-03 13:31:37,729 INFO geodata_auto_ingest.common.shell $ gdalwarp -overwrite -cutline /opt/geodata-auto-ingest/boundaries/lesotho_boundary_admin0.geojson -crop_to_cutline -multi -dstalpha -co TILED=YES -co COMPRESS=DEFLATE /opt/geodata-auto-ingest/work/chirps-v3-africa-monthly/raw/chirps-v3.0.2025.08.tif /opt/geodata-auto-ingest/work/chirps-v3-africa-monthly/clipped/chirps-v3.0.2025.08-LSO.tif
2026-04-03 13:31:37,916 INFO geodata_auto_ingest.common.ingest Staged file for GeoManager ingest: /home/csis/climweb/climweb/geomanager-data/chirps-monthly-lesotho/chirps-v3.0.2025.08-LSO_2025-08-01T00:00:00.000Z.tif
2026-04-03 13:31:38,037 INFO geodata_auto_ingest.common.chirps Downloading https://data.chc.ucsb.edu/products/CHIRPS/v3.0/monthly/africa/tifs/chirps-v3.0.2025.09.tif -> /opt/geodata-auto-ingest/work/chirps-v3-africa-monthly/raw/chirps-v3.0.2025.09.tif
2026-04-03 13:31:41,337 INFO geodata_auto_ingest.common.chirps Downloaded tif already at destination, skipping copy: /opt/geodata-auto-ingest/work/chirps-v3-africa-monthly/raw/chirps-v3.0.2025.09.tif
2026-04-03 13:31:41,338 INFO geodata_auto_ingest.common.shell $ gdalwarp -overwrite -cutline /opt/geodata-auto-ingest/boundaries/lesotho_boundary_admin0.geojson -crop_to_cutline -multi -dstalpha -co TILED=YES -co COMPRESS=DEFLATE /opt/geodata-auto-ingest/work/chirps-v3-africa-monthly/raw/chirps-v3.0.2025.09.tif /opt/geodata-auto-ingest/work/chirps-v3-africa-monthly/clipped/chirps-v3.0.2025.09-LSO.tif
2026-04-03 13:31:41,523 INFO geodata_auto_ingest.common.ingest Staged file for GeoManager ingest: /home/csis/climweb/climweb/geomanager-data/chirps-monthly-lesotho/chirps-v3.0.2025.09-LSO_2025-09-01T00:00:00.000Z.tif
2026-04-03 13:31:41,646 INFO geodata_auto_ingest.common.chirps Downloading https://data.chc.ucsb.edu/products/CHIRPS/v3.0/monthly/africa/tifs/chirps-v3.0.2025.10.tif -> /opt/geodata-auto-ingest/work/chirps-v3-africa-monthly/raw/chirps-v3.0.2025.10.tif
2026-04-03 13:31:45,153 INFO geodata_auto_ingest.common.chirps Downloaded tif already at destination, skipping copy: /opt/geodata-auto-ingest/work/chirps-v3-africa-monthly/raw/chirps-v3.0.2025.10.tif
2026-04-03 13:31:45,154 INFO geodata_auto_ingest.common.shell $ gdalwarp -overwrite -cutline /opt/geodata-auto-ingest/boundaries/lesotho_boundary_admin0.geojson -crop_to_cutline -multi -dstalpha -co TILED=YES -co COMPRESS=DEFLATE /opt/geodata-auto-ingest/work/chirps-v3-africa-monthly/raw/chirps-v3.0.2025.10.tif /opt/geodata-auto-ingest/work/chirps-v3-africa-monthly/clipped/chirps-v3.0.2025.10-LSO.tif
2026-04-03 13:31:45,342 INFO geodata_auto_ingest.common.ingest Staged file for GeoManager ingest: /home/csis/climweb/climweb/geomanager-data/chirps-monthly-lesotho/chirps-v3.0.2025.10-LSO_2025-10-01T00:00:00.000Z.tif
2026-04-03 13:31:45,467 INFO geodata_auto_ingest.common.chirps Downloading https://data.chc.ucsb.edu/products/CHIRPS/v3.0/monthly/africa/tifs/chirps-v3.0.2025.11.tif -> /opt/geodata-auto-ingest/work/chirps-v3-africa-monthly/raw/chirps-v3.0.2025.11.tif
2026-04-03 13:31:48,755 INFO geodata_auto_ingest.common.chirps Downloaded tif already at destination, skipping copy: /opt/geodata-auto-ingest/work/chirps-v3-africa-monthly/raw/chirps-v3.0.2025.11.tif
2026-04-03 13:31:48,756 INFO geodata_auto_ingest.common.shell $ gdalwarp -overwrite -cutline /opt/geodata-auto-ingest/boundaries/lesotho_boundary_admin0.geojson -crop_to_cutline -multi -dstalpha -co TILED=YES -co COMPRESS=DEFLATE /opt/geodata-auto-ingest/work/chirps-v3-africa-monthly/raw/chirps-v3.0.2025.11.tif /opt/geodata-auto-ingest/work/chirps-v3-africa-monthly/clipped/chirps-v3.0.2025.11-LSO.tif
2026-04-03 13:31:48,945 INFO geodata_auto_ingest.common.ingest Staged file for GeoManager ingest: /home/csis/climweb/climweb/geomanager-data/chirps-monthly-lesotho/chirps-v3.0.2025.11-LSO_2025-11-01T00:00:00.000Z.tif
2026-04-03 13:31:49,066 INFO geodata_auto_ingest.common.chirps Downloading https://data.chc.ucsb.edu/products/CHIRPS/v3.0/monthly/africa/tifs/chirps-v3.0.2025.12.tif -> /opt/geodata-auto-ingest/work/chirps-v3-africa-monthly/raw/chirps-v3.0.2025.12.tif
2026-04-03 13:31:52,313 INFO geodata_auto_ingest.common.chirps Downloaded tif already at destination, skipping copy: /opt/geodata-auto-ingest/work/chirps-v3-africa-monthly/raw/chirps-v3.0.2025.12.tif
2026-04-03 13:31:52,314 INFO geodata_auto_ingest.common.shell $ gdalwarp -overwrite -cutline /opt/geodata-auto-ingest/boundaries/lesotho_boundary_admin0.geojson -crop_to_cutline -multi -dstalpha -co TILED=YES -co COMPRESS=DEFLATE /opt/geodata-auto-ingest/work/chirps-v3-africa-monthly/raw/chirps-v3.0.2025.12.tif /opt/geodata-auto-ingest/work/chirps-v3-africa-monthly/clipped/chirps-v3.0.2025.12-LSO.tif
2026-04-03 13:31:52,530 INFO geodata_auto_ingest.common.ingest Staged file for GeoManager ingest: /home/csis/climweb/climweb/geomanager-data/chirps-monthly-lesotho/chirps-v3.0.2025.12-LSO_2025-12-01T00:00:00.000Z.tif
2026-04-03 13:31:52,660 INFO geodata_auto_ingest.common.chirps Downloading https://data.chc.ucsb.edu/products/CHIRPS/v3.0/monthly/africa/tifs/chirps-v3.0.2026.01.tif -> /opt/geodata-auto-ingest/work/chirps-v3-africa-monthly/raw/chirps-v3.0.2026.01.tif
2026-04-03 13:31:55,945 INFO geodata_auto_ingest.common.chirps Downloaded tif already at destination, skipping copy: /opt/geodata-auto-ingest/work/chirps-v3-africa-monthly/raw/chirps-v3.0.2026.01.tif
2026-04-03 13:31:55,946 INFO geodata_auto_ingest.common.shell $ gdalwarp -overwrite -cutline /opt/geodata-auto-ingest/boundaries/lesotho_boundary_admin0.geojson -crop_to_cutline -multi -dstalpha -co TILED=YES -co COMPRESS=DEFLATE /opt/geodata-auto-ingest/work/chirps-v3-africa-monthly/raw/chirps-v3.0.2026.01.tif /opt/geodata-auto-ingest/work/chirps-v3-africa-monthly/clipped/chirps-v3.0.2026.01-LSO.tif
2026-04-03 13:31:56,130 INFO geodata_auto_ingest.common.ingest Staged file for GeoManager ingest: /home/csis/climweb/climweb/geomanager-data/chirps-monthly-lesotho/chirps-v3.0.2026.01-LSO_2026-01-01T00:00:00.000Z.tif
2026-04-03 13:31:56,247 INFO geodata_auto_ingest.common.chirps Downloading https://data.chc.ucsb.edu/products/CHIRPS/v3.0/monthly/africa/tifs/chirps-v3.0.2026.02.tif -> /opt/geodata-auto-ingest/work/chirps-v3-africa-monthly/raw/chirps-v3.0.2026.02.tif
2026-04-03 13:31:59,506 INFO geodata_auto_ingest.common.chirps Downloaded tif already at destination, skipping copy: /opt/geodata-auto-ingest/work/chirps-v3-africa-monthly/raw/chirps-v3.0.2026.02.tif
2026-04-03 13:31:59,506 INFO geodata_auto_ingest.common.shell $ gdalwarp -overwrite -cutline /opt/geodata-auto-ingest/boundaries/lesotho_boundary_admin0.geojson -crop_to_cutline -multi -dstalpha -co TILED=YES -co COMPRESS=DEFLATE /opt/geodata-auto-ingest/work/chirps-v3-africa-monthly/raw/chirps-v3.0.2026.02.tif /opt/geodata-auto-ingest/work/chirps-v3-africa-monthly/clipped/chirps-v3.0.2026.02-LSO.tif
2026-04-03 13:31:59,691 INFO geodata_auto_ingest.common.ingest Staged file for GeoManager ingest: /home/csis/climweb/climweb/geomanager-data/chirps-monthly-lesotho/chirps-v3.0.2026.02-LSO_2026-02-01T00:00:00.000Z.tif
2026-04-03 13:34:44,263 INFO geodata_auto_ingest.common.chirps Download exists, skipping: /opt/geodata-auto-ingest/work/chirps-v3-africa-monthly/raw/chirps-v3.0.2026.02.tif
2026-04-03 13:34:44,265 INFO geodata_auto_ingest.common.chirps Downloaded tif already at destination, skipping copy: /opt/geodata-auto-ingest/work/chirps-v3-africa-monthly/raw/chirps-v3.0.2026.02.tif
2026-04-03 13:34:44,265 INFO geodata_auto_ingest.common.ingest Clipped raster exists, skipping: /opt/geodata-auto-ingest/work/chirps-v3-africa-monthly/clipped/chirps-v3.0.2026.02-LSO.tif
2026-04-03 13:34:44,265 INFO geodata_auto_ingest.common.ingest Ingest file exists, skipping copy: /home/csis/climweb/climweb/geomanager-data/chirps-monthly-lesotho/chirps-v3.0.2026.02-LSO_2026-02-01T00:00:00.000Z.tif
2026-04-03 13:36:33,210 INFO geodata_auto_ingest.common.chirps Download exists, skipping: /opt/geodata-auto-ingest/work/chirps-v3-africa-monthly/raw/chirps-v3.0.2026.02.tif
2026-04-03 13:36:33,211 INFO geodata_auto_ingest.common.chirps Downloaded tif already at destination, skipping copy: /opt/geodata-auto-ingest/work/chirps-v3-africa-monthly/raw/chirps-v3.0.2026.02.tif
2026-04-03 13:36:33,211 INFO geodata_auto_ingest.common.ingest Clipped raster exists, skipping: /opt/geodata-auto-ingest/work/chirps-v3-africa-monthly/clipped/chirps-v3.0.2026.02-LSO.tif
2026-04-03 13:36:33,212 INFO geodata_auto_ingest.common.ingest Ingest file exists, skipping copy: /home/csis/climweb/climweb/geomanager-data/chirps-monthly-lesotho/chirps-v3.0.2026.02-LSO_2026-02-01T00:00:00.000Z.tif
